[2025-04-24 12:00:02,865] DEBUG [asyncio.__init__:54] Using selector: EpollSelector
[2025-04-24 12:00:02,866] DEBUG [asyncio.__init__:54] Using selector: EpollSelector
[2025-04-24 12:00:02,869] DEBUG [asyncio.__init__:54] Using selector: EpollSelector
[2025-04-24 12:00:02,870] DEBUG [ansible_kernel.kernel.__init__:179] session <class 'jupyter_client.session.Session'> <jupyter_client.session.Session object at 0x7fbd1cdc4dc0>
[2025-04-24 12:00:02,870] DEBUG [ansible_kernel.kernel.__init__:180] iopub_socket <class 'ipykernel.iostream.BackgroundSocket'> <ipykernel.iostream.BackgroundSocket object at 0x7fbd1cdd25e0>
[2025-04-24 12:00:02,903] DEBUG [ansible_kernel.kernel.__init__:229] /tmp/ansible_kernel_playbookapkzo_ee
[2025-04-24 12:00:03,115] INFO [ansible_kernel.kernel.do_inventory:569] inventory set to [all]
localhost ansible_connection=local

[2025-04-24 12:00:03,117] INFO [ansible_kernel.kernel.is_ansible_alive:1140] NOT STARTED
[2025-04-24 12:00:03,118] DEBUG [asyncio.__init__:54] Using selector: EpollSelector
[2025-04-24 12:00:03,119] INFO [ansible_kernel.kernel.start:114] thread.start
[2025-04-24 12:00:03,120] DEBUG [ansible_kernel.kernel.process_widgets:731] widget_vars_file /tmp/ansible_kernel_playbookapkzo_ee/project/widget_vars.yml
[2025-04-24 12:00:03,120] INFO [ansible_kernel.kernel.start_helper:258] Started helper
[2025-04-24 12:00:03,121] DEBUG [ansible_kernel.kernel.start_helper:276] vault_password? None
[2025-04-24 12:00:03,121] INFO [ansible_kernel.kernel.start_helper:288] Wrote ansible.cfg
[2025-04-24 12:00:03,122] DEBUG [ansible_kernel.kernel.do_execute_play:635] code_data {'gather_facts': False, 'hosts': 'localhost', 'name': 'default'}
[2025-04-24 12:00:03,122] DEBUG [ansible_kernel.kernel.do_execute_play:636] code_data type: <class 'dict'>
[2025-04-24 12:00:03,124] DEBUG [ansible_kernel.kernel.do_execute_play:662] - gather_facts: false
  hosts: localhost
  name: default
  roles:
  - ansible_kernel_helpers
  tasks:
  - pause_for_kernel:
      host: 127.0.0.1
      port: 41537
      task_num: -1
  - include_vars:
      file: widget_vars.yml
  - include_tasks: next_task0.yml

[2025-04-24 12:00:03,127] DEBUG [ansible_kernel.kernel.send_multipart:86] send_multipart [b'<IDS|MSG>', b'1238882f1faab334fe5e3ac442dd87c8d8a45ed8fea608130ca63a82598e5b62', b'{"msg_id": "ecdf5f6a-72d30c9f7240a160b7f3015b_1063792_0", "msg_type": "stream", "username": "ctate", "session": "ecdf5f6a-72d30c9f7240a160b7f3015b", "date": "2025-04-24T18:00:03.126885Z", "version": "5.3"}', b'{}', b'{}', b'{"name": "stdout", "text": "\\n"}'] () {'copy': True}
[2025-04-24 12:00:03,127] DEBUG [ansible_kernel.kernel.send_multipart:89] result None
[2025-04-24 12:00:03,127] DEBUG [ansible_kernel.kernel.send_multipart:1236] send_multipart 6 [b'<IDS|MSG>', b'1238882f1faab334fe5e3ac442dd87c8d8a45ed8fea608130ca63a82598e5b62', b'{"msg_id": "ecdf5f6a-72d30c9f7240a160b7f3015b_1063792_0", "msg_type": "stream", "username": "ctate", "session": "ecdf5f6a-72d30c9f7240a160b7f3015b", "date": "2025-04-24T18:00:03.126885Z", "version": "5.3"}', b'{}', b'{}', b'{"name": "stdout", "text": "\\n"}'] () {'copy': True}
[2025-04-24 12:00:03,127] DEBUG [ansible_kernel.kernel.send_multipart:89] result None
[2025-04-24 12:00:03,128] INFO [ansible_kernel.kernel.start_ansible_playbook:684] runner starting
[2025-04-24 12:00:03,129] INFO [ansible_kernel.kernel.start_ansible_playbook:695] runner started
[2025-04-24 12:00:03,130] INFO [ansible_kernel.kernel.start_ansible_playbook:696] Runner status: starting
[2025-04-24 12:00:03,130] INFO [ansible_kernel.kernel.start_ansible_playbook:698] In runner loop
[2025-04-24 12:00:03,131] INFO [ansible_kernel.kernel.start_ansible_playbook:701] getting message 41537
[2025-04-24 12:00:03,893] INFO [ansible_kernel.kernel.runner_process_message:307] runner message:
{'counter': 1,
 'created': '2025-04-24T18:00:03.891701+00:00',
 'end_line': 0,
 'event': 'playbook_on_start',
 'event_data': {'playbook': 'playbook.yml',
                'playbook_uuid': '4cc28f91-e422-445b-b2a0-2ecc09ec6313',
                'uuid': '4cc28f91-e422-445b-b2a0-2ecc09ec6313'},
 'pid': 1063958,
 'runner_ident': '642773aa-f67e-4d68-9356-3a3a9edf5ab4',
 'start_line': 0,
 'stdout': '',
 'uuid': '4cc28f91-e422-445b-b2a0-2ecc09ec6313'}
[2025-04-24 12:00:03,896] INFO [ansible_kernel.kernel.runner_process_message:307] runner message:
{'counter': 2,
 'created': '2025-04-24T18:00:03.894272+00:00',
 'end_line': 2,
 'event': 'playbook_on_play_start',
 'event_data': {'name': 'default',
                'pattern': 'localhost',
                'play': 'default',
                'play_pattern': 'localhost',
                'play_uuid': 'd8bbc190-79d9-3c26-6a67-000000000002',
                'playbook': 'playbook.yml',
                'playbook_uuid': '4cc28f91-e422-445b-b2a0-2ecc09ec6313',
                'uuid': 'd8bbc190-79d9-3c26-6a67-000000000002'},
 'parent_uuid': '4cc28f91-e422-445b-b2a0-2ecc09ec6313',
 'pid': 1063958,
 'runner_ident': '642773aa-f67e-4d68-9356-3a3a9edf5ab4',
 'start_line': 0,
 'stdout': '\r\n'
           'PLAY [default] '
           '*****************************************************************',
 'uuid': 'd8bbc190-79d9-3c26-6a67-000000000002'}
[2025-04-24 12:00:03,934] INFO [ansible_kernel.kernel.runner_process_message:307] runner message:
{'counter': 3,
 'created': '2025-04-24T18:00:03.933386+00:00',
 'end_line': 4,
 'event': 'playbook_on_task_start',
 'event_data': {'is_conditional': False,
                'name': 'pause_for_kernel',
                'play': 'default',
                'play_pattern': 'localhost',
                'play_uuid': 'd8bbc190-79d9-3c26-6a67-000000000002',
                'playbook': 'playbook.yml',
                'playbook_uuid': '4cc28f91-e422-445b-b2a0-2ecc09ec6313',
                'resolved_action': 'pause_for_kernel',
                'task': 'pause_for_kernel',
                'task_action': 'pause_for_kernel',
                'task_args': '',
                'task_path': '/tmp/ansible_kernel_playbookapkzo_ee/project/playbook.yml:7',
                'task_uuid': 'd8bbc190-79d9-3c26-6a67-000000000007',
                'uuid': 'd8bbc190-79d9-3c26-6a67-000000000007'},
 'parent_uuid': 'd8bbc190-79d9-3c26-6a67-000000000002',
 'pid': 1063958,
 'runner_ident': '642773aa-f67e-4d68-9356-3a3a9edf5ab4',
 'start_line': 2,
 'stdout': '\r\n'
           'TASK [pause_for_kernel] '
           '********************************************************',
 'uuid': 'd8bbc190-79d9-3c26-6a67-000000000007'}
[2025-04-24 12:00:03,934] DEBUG [ansible_kernel.kernel.runner_process_message:331] playbook_on_task_start
[2025-04-24 12:00:03,934] INFO [ansible_kernel.kernel.start_ansible_playbook:706] StatusMessage(message=['TaskStart', {'task_name': 'pause_for_kernel', 'role_name': None, 'task_arg': '', 'task_id': 'd8bbc190-79d9-3c26-6a67-000000000007'}])
[2025-04-24 12:00:03,934] INFO [ansible_kernel.kernel.process_message:401] message ['TaskStart', {'task_name': 'pause_for_kernel', 'role_name': None, 'task_arg': '', 'task_id': 'd8bbc190-79d9-3c26-6a67-000000000007'}]
[2025-04-24 12:00:03,934] INFO [ansible_kernel.kernel.process_message:408] message_type TaskStart
[2025-04-24 12:00:03,935] INFO [ansible_kernel.kernel.process_message:409] message_data {'task_name': 'pause_for_kernel', 'role_name': None, 'task_arg': '', 'task_id': 'd8bbc190-79d9-3c26-6a67-000000000007'}
[2025-04-24 12:00:03,935] DEBUG [ansible_kernel.kernel.process_message:412] pause_for_kernel
[2025-04-24 12:00:03,935] INFO [ansible_kernel.kernel.start_ansible_playbook:718] Bottom of runner loop
[2025-04-24 12:00:03,935] INFO [ansible_kernel.kernel.runner_process_message:307] runner message:
{'counter': 4,
 'created': '2025-04-24T18:00:03.934446+00:00',
 'end_line': 4,
 'event': 'runner_on_start',
 'event_data': {'host': 'localhost',
                'play': 'default',
                'play_pattern': 'localhost',
                'play_uuid': 'd8bbc190-79d9-3c26-6a67-000000000002',
                'playbook': 'playbook.yml',
                'playbook_uuid': '4cc28f91-e422-445b-b2a0-2ecc09ec6313',
                'resolved_action': 'pause_for_kernel',
                'task': 'pause_for_kernel',
                'task_action': 'pause_for_kernel',
                'task_args': '',
                'task_path': '/tmp/ansible_kernel_playbookapkzo_ee/project/playbook.yml:7',
                'task_uuid': 'd8bbc190-79d9-3c26-6a67-000000000007',
                'uuid': 'bc65902e-0422-43bc-9ec0-a1d93e77c9ba'},
 'parent_uuid': 'd8bbc190-79d9-3c26-6a67-000000000007',
 'pid': 1063958,
 'runner_ident': '642773aa-f67e-4d68-9356-3a3a9edf5ab4',
 'start_line': 4,
 'stdout': '',
 'uuid': 'bc65902e-0422-43bc-9ec0-a1d93e77c9ba'}
[2025-04-24 12:00:03,948] INFO [ansible_kernel.kernel.recv_pause:131] completed [b'-1'] waiting...
[2025-04-24 12:00:04,936] INFO [ansible_kernel.kernel.start_ansible_playbook:698] In runner loop
[2025-04-24 12:00:04,937] INFO [ansible_kernel.kernel.start_ansible_playbook:701] getting message 41537
[2025-04-24 12:00:04,937] INFO [ansible_kernel.kernel.start_ansible_playbook:706] TaskCompletionMessage(task_num=-1)
[2025-04-24 12:00:04,937] INFO [ansible_kernel.kernel.start_ansible_playbook:711] msg.task_num -1 tasks_counter 0
[2025-04-24 12:00:04,937] INFO [ansible_kernel.kernel.start_ansible_playbook:720] Runner state is now running
[2025-04-24 12:00:04,937] INFO [ansible_kernel.kernel.start_ansible_playbook:723] done
[2025-04-24 12:00:04,937] INFO [ansible_kernel.kernel.do_execute_play:675] done
[2025-04-24 12:00:04,937] INFO [ansible_kernel.kernel.__init__:240] Kernel init finished took 2.067934513092041
[2025-04-24 12:00:04,943] DEBUG [ansible_kernel.kernel.send_multipart:86] send_multipart [b'kernel.3d36d757-b865-4358-afff-0f4d8186818e.status', b'<IDS|MSG>', b'e8db3a691e6b52ebae7d96a2ed508e084ec3b67af734aa5778ba0fbc515d4bab', b'{"msg_id": "ecdf5f6a-72d30c9f7240a160b7f3015b_1063792_2", "msg_type": "status", "username": "ctate", "session": "ecdf5f6a-72d30c9f7240a160b7f3015b", "date": "2025-04-24T18:00:04.943757Z", "version": "5.3"}', b'{}', b'{}', b'{"execution_state": "busy"}'] () {'copy': True}
[2025-04-24 12:00:04,944] DEBUG [ansible_kernel.kernel.send_multipart:89] result None
[2025-04-24 12:00:04,944] DEBUG [ansible_kernel.kernel.send_multipart:1236] send_multipart 7 [b'kernel.3d36d757-b865-4358-afff-0f4d8186818e.status', b'<IDS|MSG>', b'e8db3a691e6b52ebae7d96a2ed508e084ec3b67af734aa5778ba0fbc515d4bab', b'{"msg_id": "ecdf5f6a-72d30c9f7240a160b7f3015b_1063792_2", "msg_type": "status", "username": "ctate", "session": "ecdf5f6a-72d30c9f7240a160b7f3015b", "date": "2025-04-24T18:00:04.943757Z", "version": "5.3"}', b'{}', b'{}', b'{"execution_state": "busy"}'] () {'copy': True}
[2025-04-24 12:00:04,944] DEBUG [ansible_kernel.kernel.send_multipart:1239] msg0 b'kernel.3d36d757-b865-4358-afff-0f4d8186818e.status'
[2025-04-24 12:00:04,944] DEBUG [ansible_kernel.kernel.send_multipart:1240] msg1 b'<IDS|MSG>'
[2025-04-24 12:00:04,947] DEBUG [ansible_kernel.kernel.send_multipart:1241] msg2 b'e8db3a691e6b52ebae7d96a2ed508e084ec3b67af734aa5778ba0fbc515d4bab'
[2025-04-24 12:00:04,948] DEBUG [ansible_kernel.kernel.send_multipart:1242] msg3 {'date': '2025-04-24T18:00:04.943757Z',
 'msg_id': 'ecdf5f6a-72d30c9f7240a160b7f3015b_1063792_2',
 'msg_type': 'status',
 'session': 'ecdf5f6a-72d30c9f7240a160b7f3015b',
 'username': 'ctate',
 'version': '5.3'}
[2025-04-24 12:00:04,948] DEBUG [ansible_kernel.kernel.send_multipart:1243] msg4 {}
[2025-04-24 12:00:04,948] DEBUG [ansible_kernel.kernel.send_multipart:1244] msg5 {}
[2025-04-24 12:00:04,948] DEBUG [ansible_kernel.kernel.send_multipart:1245] msg6 {'execution_state': 'busy'}
[2025-04-24 12:00:04,948] DEBUG [ansible_kernel.kernel.send_multipart:89] result None
[2025-04-24 12:00:04,954] DEBUG [ansible_kernel.kernel.send_multipart:86] send_multipart [b'kernel.3d36d757-b865-4358-afff-0f4d8186818e.status', b'<IDS|MSG>', b'462159f87baf239212e990f2d1a7264325b3d9b58ed0a4e1a9993ffc8153e233', b'{"msg_id": "ecdf5f6a-72d30c9f7240a160b7f3015b_1063792_3", "msg_type": "status", "username": "ctate", "session": "ecdf5f6a-72d30c9f7240a160b7f3015b", "date": "2025-04-24T18:00:04.954227Z", "version": "5.3"}', b'{"date": "2025-04-24T18:00:02.935000Z", "msg_id": "37216b5f-5793-4247-8cd9-6e20bb2aa257", "msg_type": "kernel_info_request", "session": "26b52de7-ad89-4bcc-8982-16dd7398e68a", "username": "bdb42cd5-a82f-45cf-984b-33d5cc24fe08", "version": "5.2"}', b'{}', b'{"execution_state": "starting"}'] () {'copy': True}
[2025-04-24 12:00:04,955] DEBUG [ansible_kernel.kernel.send_multipart:89] result None
[2025-04-24 12:00:04,958] DEBUG [ansible_kernel.kernel.send_multipart:1236] send_multipart 7 [b'kernel.3d36d757-b865-4358-afff-0f4d8186818e.status', b'<IDS|MSG>', b'462159f87baf239212e990f2d1a7264325b3d9b58ed0a4e1a9993ffc8153e233', b'{"msg_id": "ecdf5f6a-72d30c9f7240a160b7f3015b_1063792_3", "msg_type": "status", "username": "ctate", "session": "ecdf5f6a-72d30c9f7240a160b7f3015b", "date": "2025-04-24T18:00:04.954227Z", "version": "5.3"}', b'{"date": "2025-04-24T18:00:02.935000Z", "msg_id": "37216b5f-5793-4247-8cd9-6e20bb2aa257", "msg_type": "kernel_info_request", "session": "26b52de7-ad89-4bcc-8982-16dd7398e68a", "username": "bdb42cd5-a82f-45cf-984b-33d5cc24fe08", "version": "5.2"}', b'{}', b'{"execution_state": "starting"}'] () {'copy': True}
[2025-04-24 12:00:04,959] DEBUG [ansible_kernel.kernel.send_multipart:1239] msg0 b'kernel.3d36d757-b865-4358-afff-0f4d8186818e.status'
[2025-04-24 12:00:04,959] DEBUG [ansible_kernel.kernel.send_multipart:1240] msg1 b'<IDS|MSG>'
[2025-04-24 12:00:04,959] DEBUG [ansible_kernel.kernel.send_multipart:1241] msg2 b'462159f87baf239212e990f2d1a7264325b3d9b58ed0a4e1a9993ffc8153e233'
[2025-04-24 12:00:04,959] DEBUG [ansible_kernel.kernel.send_multipart:1242] msg3 {'date': '2025-04-24T18:00:04.954227Z',
 'msg_id': 'ecdf5f6a-72d30c9f7240a160b7f3015b_1063792_3',
 'msg_type': 'status',
 'session': 'ecdf5f6a-72d30c9f7240a160b7f3015b',
 'username': 'ctate',
 'version': '5.3'}
[2025-04-24 12:00:04,960] DEBUG [ansible_kernel.kernel.send_multipart:1243] msg4 {'date': '2025-04-24T18:00:02.935000Z',
 'msg_id': '37216b5f-5793-4247-8cd9-6e20bb2aa257',
 'msg_type': 'kernel_info_request',
 'session': '26b52de7-ad89-4bcc-8982-16dd7398e68a',
 'username': 'bdb42cd5-a82f-45cf-984b-33d5cc24fe08',
 'version': '5.2'}
[2025-04-24 12:00:04,960] DEBUG [ansible_kernel.kernel.send_multipart:1244] msg5 {}
[2025-04-24 12:00:04,960] DEBUG [ansible_kernel.kernel.send_multipart:1245] msg6 {'execution_state': 'starting'}
[2025-04-24 12:00:04,960] DEBUG [ansible_kernel.kernel.send_multipart:89] result None
[2025-04-24 12:00:04,966] DEBUG [ansible_kernel.kernel.send_multipart:86] send_multipart [b'kernel.3d36d757-b865-4358-afff-0f4d8186818e.status', b'<IDS|MSG>', b'ee33521da59f94e7daf7a7502f0ac8e37ddf39fa7e25f8d866425765dff8a8b7', b'{"msg_id": "ecdf5f6a-72d30c9f7240a160b7f3015b_1063792_4", "msg_type": "status", "username": "ctate", "session": "ecdf5f6a-72d30c9f7240a160b7f3015b", "date": "2025-04-24T18:00:04.965937Z", "version": "5.3"}', b'{"date": "2025-04-24T18:00:02.934000Z", "msg_id": "7001571c-dea0-4350-a485-d2e1af235ac9", "msg_type": "kernel_info_request", "session": "26b52de7-ad89-4bcc-8982-16dd7398e68a", "username": "bdb42cd5-a82f-45cf-984b-33d5cc24fe08", "version": "5.2"}', b'{}', b'{"execution_state": "busy"}'] () {'copy': True}
[2025-04-24 12:00:04,966] DEBUG [ansible_kernel.kernel.send_multipart:89] result None
[2025-04-24 12:00:04,967] DEBUG [ansible_kernel.kernel.send_multipart:1236] send_multipart 7 [b'kernel.3d36d757-b865-4358-afff-0f4d8186818e.status', b'<IDS|MSG>', b'ee33521da59f94e7daf7a7502f0ac8e37ddf39fa7e25f8d866425765dff8a8b7', b'{"msg_id": "ecdf5f6a-72d30c9f7240a160b7f3015b_1063792_4", "msg_type": "status", "username": "ctate", "session": "ecdf5f6a-72d30c9f7240a160b7f3015b", "date": "2025-04-24T18:00:04.965937Z", "version": "5.3"}', b'{"date": "2025-04-24T18:00:02.934000Z", "msg_id": "7001571c-dea0-4350-a485-d2e1af235ac9", "msg_type": "kernel_info_request", "session": "26b52de7-ad89-4bcc-8982-16dd7398e68a", "username": "bdb42cd5-a82f-45cf-984b-33d5cc24fe08", "version": "5.2"}', b'{}', b'{"execution_state": "busy"}'] () {'copy': True}
[2025-04-24 12:00:04,967] DEBUG [ansible_kernel.kernel.send_multipart:1239] msg0 b'kernel.3d36d757-b865-4358-afff-0f4d8186818e.status'
[2025-04-24 12:00:04,967] DEBUG [ansible_kernel.kernel.send_multipart:1240] msg1 b'<IDS|MSG>'
[2025-04-24 12:00:04,967] DEBUG [ansible_kernel.kernel.send_multipart:1241] msg2 b'ee33521da59f94e7daf7a7502f0ac8e37ddf39fa7e25f8d866425765dff8a8b7'
[2025-04-24 12:00:04,967] DEBUG [ansible_kernel.kernel.send_multipart:1242] msg3 {'date': '2025-04-24T18:00:04.965937Z',
 'msg_id': 'ecdf5f6a-72d30c9f7240a160b7f3015b_1063792_4',
 'msg_type': 'status',
 'session': 'ecdf5f6a-72d30c9f7240a160b7f3015b',
 'username': 'ctate',
 'version': '5.3'}
[2025-04-24 12:00:04,968] DEBUG [ansible_kernel.kernel.send_multipart:1243] msg4 {'date': '2025-04-24T18:00:02.934000Z',
 'msg_id': '7001571c-dea0-4350-a485-d2e1af235ac9',
 'msg_type': 'kernel_info_request',
 'session': '26b52de7-ad89-4bcc-8982-16dd7398e68a',
 'username': 'bdb42cd5-a82f-45cf-984b-33d5cc24fe08',
 'version': '5.2'}
[2025-04-24 12:00:04,968] DEBUG [ansible_kernel.kernel.send_multipart:1244] msg5 {}
[2025-04-24 12:00:04,968] DEBUG [ansible_kernel.kernel.send_multipart:1245] msg6 {'execution_state': 'busy'}
[2025-04-24 12:00:04,968] DEBUG [ansible_kernel.kernel.send_multipart:89] result None
[2025-04-24 12:00:05,412] DEBUG [ansible_kernel.kernel.send_multipart:86] send_multipart [b'kernel.3d36d757-b865-4358-afff-0f4d8186818e.status', b'<IDS|MSG>', b'30534d5ad44e1867efdb34a80ec3dbc977f4943e61523ed4befddc15eb329075', b'{"msg_id": "ecdf5f6a-72d30c9f7240a160b7f3015b_1063792_6", "msg_type": "status", "username": "ctate", "session": "ecdf5f6a-72d30c9f7240a160b7f3015b", "date": "2025-04-24T18:00:05.412664Z", "version": "5.3"}', b'{}', b'{}', b'{"execution_state": "idle"}'] () {'copy': True}
[2025-04-24 12:00:05,412] DEBUG [ansible_kernel.kernel.send_multipart:89] result None
[2025-04-24 12:00:05,413] DEBUG [ansible_kernel.kernel.send_multipart:1236] send_multipart 7 [b'kernel.3d36d757-b865-4358-afff-0f4d8186818e.status', b'<IDS|MSG>', b'30534d5ad44e1867efdb34a80ec3dbc977f4943e61523ed4befddc15eb329075', b'{"msg_id": "ecdf5f6a-72d30c9f7240a160b7f3015b_1063792_6", "msg_type": "status", "username": "ctate", "session": "ecdf5f6a-72d30c9f7240a160b7f3015b", "date": "2025-04-24T18:00:05.412664Z", "version": "5.3"}', b'{}', b'{}', b'{"execution_state": "idle"}'] () {'copy': True}
[2025-04-24 12:00:05,413] DEBUG [ansible_kernel.kernel.send_multipart:1239] msg0 b'kernel.3d36d757-b865-4358-afff-0f4d8186818e.status'
[2025-04-24 12:00:05,413] DEBUG [ansible_kernel.kernel.send_multipart:1240] msg1 b'<IDS|MSG>'
[2025-04-24 12:00:05,413] DEBUG [ansible_kernel.kernel.send_multipart:1241] msg2 b'30534d5ad44e1867efdb34a80ec3dbc977f4943e61523ed4befddc15eb329075'
[2025-04-24 12:00:05,413] DEBUG [ansible_kernel.kernel.send_multipart:1242] msg3 {'date': '2025-04-24T18:00:05.412664Z',
 'msg_id': 'ecdf5f6a-72d30c9f7240a160b7f3015b_1063792_6',
 'msg_type': 'status',
 'session': 'ecdf5f6a-72d30c9f7240a160b7f3015b',
 'username': 'ctate',
 'version': '5.3'}
[2025-04-24 12:00:05,413] DEBUG [ansible_kernel.kernel.send_multipart:1243] msg4 {}
[2025-04-24 12:00:05,413] DEBUG [ansible_kernel.kernel.send_multipart:1244] msg5 {}
[2025-04-24 12:00:05,413] DEBUG [ansible_kernel.kernel.send_multipart:1245] msg6 {'execution_state': 'idle'}
[2025-04-24 12:00:05,413] DEBUG [ansible_kernel.kernel.send_multipart:89] result None
[2025-04-24 12:00:05,414] DEBUG [ansible_kernel.kernel.send_multipart:86] send_multipart [b'kernel.3d36d757-b865-4358-afff-0f4d8186818e.status', b'<IDS|MSG>', b'8a16ef8472f2d28c91e9761b35670e46809934e47b5ebdd06e1b45bdce9d1683', b'{"msg_id": "ecdf5f6a-72d30c9f7240a160b7f3015b_1063792_7", "msg_type": "status", "username": "ctate", "session": "ecdf5f6a-72d30c9f7240a160b7f3015b", "date": "2025-04-24T18:00:05.414318Z", "version": "5.3"}', b'{}', b'{}', b'{"execution_state": "busy"}'] () {'copy': True}
[2025-04-24 12:00:05,414] DEBUG [ansible_kernel.kernel.send_multipart:89] result None
[2025-04-24 12:00:05,414] DEBUG [ansible_kernel.kernel.send_multipart:1236] send_multipart 7 [b'kernel.3d36d757-b865-4358-afff-0f4d8186818e.status', b'<IDS|MSG>', b'8a16ef8472f2d28c91e9761b35670e46809934e47b5ebdd06e1b45bdce9d1683', b'{"msg_id": "ecdf5f6a-72d30c9f7240a160b7f3015b_1063792_7", "msg_type": "status", "username": "ctate", "session": "ecdf5f6a-72d30c9f7240a160b7f3015b", "date": "2025-04-24T18:00:05.414318Z", "version": "5.3"}', b'{}', b'{}', b'{"execution_state": "busy"}'] () {'copy': True}
[2025-04-24 12:00:05,414] DEBUG [ansible_kernel.kernel.send_multipart:1239] msg0 b'kernel.3d36d757-b865-4358-afff-0f4d8186818e.status'
[2025-04-24 12:00:05,414] DEBUG [ansible_kernel.kernel.send_multipart:1240] msg1 b'<IDS|MSG>'
[2025-04-24 12:00:05,414] DEBUG [ansible_kernel.kernel.send_multipart:1241] msg2 b'8a16ef8472f2d28c91e9761b35670e46809934e47b5ebdd06e1b45bdce9d1683'
[2025-04-24 12:00:05,415] DEBUG [ansible_kernel.kernel.send_multipart:1242] msg3 {'date': '2025-04-24T18:00:05.414318Z',
 'msg_id': 'ecdf5f6a-72d30c9f7240a160b7f3015b_1063792_7',
 'msg_type': 'status',
 'session': 'ecdf5f6a-72d30c9f7240a160b7f3015b',
 'username': 'ctate',
 'version': '5.3'}
[2025-04-24 12:00:05,415] DEBUG [ansible_kernel.kernel.send_multipart:1243] msg4 {}
[2025-04-24 12:00:05,415] DEBUG [ansible_kernel.kernel.send_multipart:1244] msg5 {}
[2025-04-24 12:00:05,415] DEBUG [ansible_kernel.kernel.send_multipart:1245] msg6 {'execution_state': 'busy'}
[2025-04-24 12:00:05,415] DEBUG [ansible_kernel.kernel.send_multipart:89] result None
[2025-04-24 12:00:05,416] DEBUG [ansible_kernel.kernel.send_multipart:86] send_multipart [b'kernel.3d36d757-b865-4358-afff-0f4d8186818e.status', b'<IDS|MSG>', b'da5210f8a3093dce1ba7fc5bc8ba791d93366760de1252bc6bc68d8832fcb0ed', b'{"msg_id": "ecdf5f6a-72d30c9f7240a160b7f3015b_1063792_9", "msg_type": "status", "username": "ctate", "session": "ecdf5f6a-72d30c9f7240a160b7f3015b", "date": "2025-04-24T18:00:05.415983Z", "version": "5.3"}', b'{}', b'{}', b'{"execution_state": "idle"}'] () {'copy': True}
[2025-04-24 12:00:05,416] DEBUG [ansible_kernel.kernel.send_multipart:89] result None
[2025-04-24 12:00:05,416] DEBUG [ansible_kernel.kernel.send_multipart:1236] send_multipart 7 [b'kernel.3d36d757-b865-4358-afff-0f4d8186818e.status', b'<IDS|MSG>', b'da5210f8a3093dce1ba7fc5bc8ba791d93366760de1252bc6bc68d8832fcb0ed', b'{"msg_id": "ecdf5f6a-72d30c9f7240a160b7f3015b_1063792_9", "msg_type": "status", "username": "ctate", "session": "ecdf5f6a-72d30c9f7240a160b7f3015b", "date": "2025-04-24T18:00:05.415983Z", "version": "5.3"}', b'{}', b'{}', b'{"execution_state": "idle"}'] () {'copy': True}
[2025-04-24 12:00:05,416] DEBUG [ansible_kernel.kernel.send_multipart:1239] msg0 b'kernel.3d36d757-b865-4358-afff-0f4d8186818e.status'
[2025-04-24 12:00:05,416] DEBUG [ansible_kernel.kernel.send_multipart:1240] msg1 b'<IDS|MSG>'
[2025-04-24 12:00:05,416] DEBUG [ansible_kernel.kernel.send_multipart:1241] msg2 b'da5210f8a3093dce1ba7fc5bc8ba791d93366760de1252bc6bc68d8832fcb0ed'
[2025-04-24 12:00:05,416] DEBUG [ansible_kernel.kernel.send_multipart:1242] msg3 {'date': '2025-04-24T18:00:05.415983Z',
 'msg_id': 'ecdf5f6a-72d30c9f7240a160b7f3015b_1063792_9',
 'msg_type': 'status',
 'session': 'ecdf5f6a-72d30c9f7240a160b7f3015b',
 'username': 'ctate',
 'version': '5.3'}
[2025-04-24 12:00:05,416] DEBUG [ansible_kernel.kernel.send_multipart:1243] msg4 {}
[2025-04-24 12:00:05,416] DEBUG [ansible_kernel.kernel.send_multipart:1244] msg5 {}
[2025-04-24 12:00:05,416] DEBUG [ansible_kernel.kernel.send_multipart:1245] msg6 {'execution_state': 'idle'}
[2025-04-24 12:00:05,416] DEBUG [ansible_kernel.kernel.send_multipart:89] result None
[2025-04-24 12:00:05,417] DEBUG [ansible_kernel.kernel.send_multipart:86] send_multipart [b'kernel.3d36d757-b865-4358-afff-0f4d8186818e.status', b'<IDS|MSG>', b'feccf8c5cb646ed2fac01bf9b43054c9f91f1152f99dac2e74a8fb3d0a6a1609', b'{"msg_id": "ecdf5f6a-72d30c9f7240a160b7f3015b_1063792_10", "msg_type": "status", "username": "ctate", "session": "ecdf5f6a-72d30c9f7240a160b7f3015b", "date": "2025-04-24T18:00:05.417892Z", "version": "5.3"}', b'{}', b'{}', b'{"execution_state": "busy"}'] () {'copy': True}
[2025-04-24 12:00:05,418] DEBUG [ansible_kernel.kernel.send_multipart:89] result None
[2025-04-24 12:00:05,418] DEBUG [ansible_kernel.kernel.send_multipart:1236] send_multipart 7 [b'kernel.3d36d757-b865-4358-afff-0f4d8186818e.status', b'<IDS|MSG>', b'feccf8c5cb646ed2fac01bf9b43054c9f91f1152f99dac2e74a8fb3d0a6a1609', b'{"msg_id": "ecdf5f6a-72d30c9f7240a160b7f3015b_1063792_10", "msg_type": "status", "username": "ctate", "session": "ecdf5f6a-72d30c9f7240a160b7f3015b", "date": "2025-04-24T18:00:05.417892Z", "version": "5.3"}', b'{}', b'{}', b'{"execution_state": "busy"}'] () {'copy': True}
[2025-04-24 12:00:05,418] DEBUG [ansible_kernel.kernel.send_multipart:1239] msg0 b'kernel.3d36d757-b865-4358-afff-0f4d8186818e.status'
[2025-04-24 12:00:05,418] DEBUG [ansible_kernel.kernel.send_multipart:1240] msg1 b'<IDS|MSG>'
[2025-04-24 12:00:05,418] DEBUG [ansible_kernel.kernel.send_multipart:1241] msg2 b'feccf8c5cb646ed2fac01bf9b43054c9f91f1152f99dac2e74a8fb3d0a6a1609'
[2025-04-24 12:00:05,418] DEBUG [ansible_kernel.kernel.send_multipart:1242] msg3 {'date': '2025-04-24T18:00:05.417892Z',
 'msg_id': 'ecdf5f6a-72d30c9f7240a160b7f3015b_1063792_10',
 'msg_type': 'status',
 'session': 'ecdf5f6a-72d30c9f7240a160b7f3015b',
 'username': 'ctate',
 'version': '5.3'}
[2025-04-24 12:00:05,418] DEBUG [ansible_kernel.kernel.send_multipart:1243] msg4 {}
[2025-04-24 12:00:05,418] DEBUG [ansible_kernel.kernel.send_multipart:1244] msg5 {}
[2025-04-24 12:00:05,418] DEBUG [ansible_kernel.kernel.send_multipart:1245] msg6 {'execution_state': 'busy'}
[2025-04-24 12:00:05,418] DEBUG [ansible_kernel.kernel.send_multipart:89] result None
[2025-04-24 12:00:05,419] DEBUG [ansible_kernel.kernel.send_multipart:86] send_multipart [b'kernel.3d36d757-b865-4358-afff-0f4d8186818e.status', b'<IDS|MSG>', b'5a25b294c22a71e61d7738470ebc9b92b7826ba06071c38fabe9bb7f98035664', b'{"msg_id": "ecdf5f6a-72d30c9f7240a160b7f3015b_1063792_12", "msg_type": "status", "username": "ctate", "session": "ecdf5f6a-72d30c9f7240a160b7f3015b", "date": "2025-04-24T18:00:05.419670Z", "version": "5.3"}', b'{}', b'{}', b'{"execution_state": "idle"}'] () {'copy': True}
[2025-04-24 12:00:05,419] DEBUG [ansible_kernel.kernel.send_multipart:89] result None
[2025-04-24 12:00:05,419] DEBUG [ansible_kernel.kernel.send_multipart:1236] send_multipart 7 [b'kernel.3d36d757-b865-4358-afff-0f4d8186818e.status', b'<IDS|MSG>', b'5a25b294c22a71e61d7738470ebc9b92b7826ba06071c38fabe9bb7f98035664', b'{"msg_id": "ecdf5f6a-72d30c9f7240a160b7f3015b_1063792_12", "msg_type": "status", "username": "ctate", "session": "ecdf5f6a-72d30c9f7240a160b7f3015b", "date": "2025-04-24T18:00:05.419670Z", "version": "5.3"}', b'{}', b'{}', b'{"execution_state": "idle"}'] () {'copy': True}
[2025-04-24 12:00:05,419] DEBUG [ansible_kernel.kernel.send_multipart:1239] msg0 b'kernel.3d36d757-b865-4358-afff-0f4d8186818e.status'
[2025-04-24 12:00:05,420] DEBUG [ansible_kernel.kernel.send_multipart:1240] msg1 b'<IDS|MSG>'
[2025-04-24 12:00:05,420] DEBUG [ansible_kernel.kernel.send_multipart:1241] msg2 b'5a25b294c22a71e61d7738470ebc9b92b7826ba06071c38fabe9bb7f98035664'
[2025-04-24 12:00:05,420] DEBUG [ansible_kernel.kernel.send_multipart:1242] msg3 {'date': '2025-04-24T18:00:05.419670Z',
 'msg_id': 'ecdf5f6a-72d30c9f7240a160b7f3015b_1063792_12',
 'msg_type': 'status',
 'session': 'ecdf5f6a-72d30c9f7240a160b7f3015b',
 'username': 'ctate',
 'version': '5.3'}
[2025-04-24 12:00:05,420] DEBUG [ansible_kernel.kernel.send_multipart:1243] msg4 {}
[2025-04-24 12:00:05,420] DEBUG [ansible_kernel.kernel.send_multipart:1244] msg5 {}
[2025-04-24 12:00:05,420] DEBUG [ansible_kernel.kernel.send_multipart:1245] msg6 {'execution_state': 'idle'}
[2025-04-24 12:00:05,420] DEBUG [ansible_kernel.kernel.send_multipart:89] result None
[2025-04-24 12:00:05,421] DEBUG [ansible_kernel.kernel.send_multipart:86] send_multipart [b'kernel.3d36d757-b865-4358-afff-0f4d8186818e.status', b'<IDS|MSG>', b'76d928f775b1eb3cbbb658e461305719f1a5755d5f8b98d7f9513492c506bd22', b'{"msg_id": "ecdf5f6a-72d30c9f7240a160b7f3015b_1063792_13", "msg_type": "status", "username": "ctate", "session": "ecdf5f6a-72d30c9f7240a160b7f3015b", "date": "2025-04-24T18:00:05.421234Z", "version": "5.3"}', b'{}', b'{}', b'{"execution_state": "busy"}'] () {'copy': True}
[2025-04-24 12:00:05,421] DEBUG [ansible_kernel.kernel.send_multipart:89] result None
[2025-04-24 12:00:05,421] DEBUG [ansible_kernel.kernel.send_multipart:1236] send_multipart 7 [b'kernel.3d36d757-b865-4358-afff-0f4d8186818e.status', b'<IDS|MSG>', b'76d928f775b1eb3cbbb658e461305719f1a5755d5f8b98d7f9513492c506bd22', b'{"msg_id": "ecdf5f6a-72d30c9f7240a160b7f3015b_1063792_13", "msg_type": "status", "username": "ctate", "session": "ecdf5f6a-72d30c9f7240a160b7f3015b", "date": "2025-04-24T18:00:05.421234Z", "version": "5.3"}', b'{}', b'{}', b'{"execution_state": "busy"}'] () {'copy': True}
[2025-04-24 12:00:05,421] DEBUG [ansible_kernel.kernel.send_multipart:1239] msg0 b'kernel.3d36d757-b865-4358-afff-0f4d8186818e.status'
[2025-04-24 12:00:05,421] DEBUG [ansible_kernel.kernel.send_multipart:1240] msg1 b'<IDS|MSG>'
[2025-04-24 12:00:05,421] DEBUG [ansible_kernel.kernel.send_multipart:1241] msg2 b'76d928f775b1eb3cbbb658e461305719f1a5755d5f8b98d7f9513492c506bd22'
[2025-04-24 12:00:05,422] DEBUG [ansible_kernel.kernel.send_multipart:1242] msg3 {'date': '2025-04-24T18:00:05.421234Z',
 'msg_id': 'ecdf5f6a-72d30c9f7240a160b7f3015b_1063792_13',
 'msg_type': 'status',
 'session': 'ecdf5f6a-72d30c9f7240a160b7f3015b',
 'username': 'ctate',
 'version': '5.3'}
[2025-04-24 12:00:05,422] DEBUG [ansible_kernel.kernel.send_multipart:1243] msg4 {}
[2025-04-24 12:00:05,422] DEBUG [ansible_kernel.kernel.send_multipart:1244] msg5 {}
[2025-04-24 12:00:05,422] DEBUG [ansible_kernel.kernel.send_multipart:1245] msg6 {'execution_state': 'busy'}
[2025-04-24 12:00:05,422] DEBUG [ansible_kernel.kernel.send_multipart:89] result None
[2025-04-24 12:00:05,423] DEBUG [ansible_kernel.kernel.send_multipart:86] send_multipart [b'kernel.3d36d757-b865-4358-afff-0f4d8186818e.status', b'<IDS|MSG>', b'8c572d087151ee3f6c8e0fe452d23bf7810e36e0fc7c3fbd116dffbbe03336c4', b'{"msg_id": "ecdf5f6a-72d30c9f7240a160b7f3015b_1063792_15", "msg_type": "status", "username": "ctate", "session": "ecdf5f6a-72d30c9f7240a160b7f3015b", "date": "2025-04-24T18:00:05.423320Z", "version": "5.3"}', b'{}', b'{}', b'{"execution_state": "idle"}'] () {'copy': True}
[2025-04-24 12:00:05,423] DEBUG [ansible_kernel.kernel.send_multipart:89] result None
[2025-04-24 12:00:05,423] DEBUG [ansible_kernel.kernel.send_multipart:1236] send_multipart 7 [b'kernel.3d36d757-b865-4358-afff-0f4d8186818e.status', b'<IDS|MSG>', b'8c572d087151ee3f6c8e0fe452d23bf7810e36e0fc7c3fbd116dffbbe03336c4', b'{"msg_id": "ecdf5f6a-72d30c9f7240a160b7f3015b_1063792_15", "msg_type": "status", "username": "ctate", "session": "ecdf5f6a-72d30c9f7240a160b7f3015b", "date": "2025-04-24T18:00:05.423320Z", "version": "5.3"}', b'{}', b'{}', b'{"execution_state": "idle"}'] () {'copy': True}
[2025-04-24 12:00:05,424] DEBUG [ansible_kernel.kernel.send_multipart:1239] msg0 b'kernel.3d36d757-b865-4358-afff-0f4d8186818e.status'
[2025-04-24 12:00:05,424] DEBUG [ansible_kernel.kernel.send_multipart:1240] msg1 b'<IDS|MSG>'
[2025-04-24 12:00:05,424] DEBUG [ansible_kernel.kernel.send_multipart:1241] msg2 b'8c572d087151ee3f6c8e0fe452d23bf7810e36e0fc7c3fbd116dffbbe03336c4'
[2025-04-24 12:00:05,424] DEBUG [ansible_kernel.kernel.send_multipart:1242] msg3 {'date': '2025-04-24T18:00:05.423320Z',
 'msg_id': 'ecdf5f6a-72d30c9f7240a160b7f3015b_1063792_15',
 'msg_type': 'status',
 'session': 'ecdf5f6a-72d30c9f7240a160b7f3015b',
 'username': 'ctate',
 'version': '5.3'}
[2025-04-24 12:00:05,424] DEBUG [ansible_kernel.kernel.send_multipart:1243] msg4 {}
[2025-04-24 12:00:05,424] DEBUG [ansible_kernel.kernel.send_multipart:1244] msg5 {}
[2025-04-24 12:00:05,424] DEBUG [ansible_kernel.kernel.send_multipart:1245] msg6 {'execution_state': 'idle'}
[2025-04-24 12:00:05,424] DEBUG [ansible_kernel.kernel.send_multipart:89] result None
[2025-04-24 12:00:05,425] DEBUG [ansible_kernel.kernel.send_multipart:86] send_multipart [b'kernel.3d36d757-b865-4358-afff-0f4d8186818e.status', b'<IDS|MSG>', b'f4b79152c9b62b21a18c6fba7a41db55154bcc283ed7983f3c553a04a80e1382', b'{"msg_id": "ecdf5f6a-72d30c9f7240a160b7f3015b_1063792_16", "msg_type": "status", "username": "ctate", "session": "ecdf5f6a-72d30c9f7240a160b7f3015b", "date": "2025-04-24T18:00:05.425236Z", "version": "5.3"}', b'{}', b'{}', b'{"execution_state": "busy"}'] () {'copy': True}
[2025-04-24 12:00:05,425] DEBUG [ansible_kernel.kernel.send_multipart:89] result None
[2025-04-24 12:00:05,425] DEBUG [ansible_kernel.kernel.send_multipart:1236] send_multipart 7 [b'kernel.3d36d757-b865-4358-afff-0f4d8186818e.status', b'<IDS|MSG>', b'f4b79152c9b62b21a18c6fba7a41db55154bcc283ed7983f3c553a04a80e1382', b'{"msg_id": "ecdf5f6a-72d30c9f7240a160b7f3015b_1063792_16", "msg_type": "status", "username": "ctate", "session": "ecdf5f6a-72d30c9f7240a160b7f3015b", "date": "2025-04-24T18:00:05.425236Z", "version": "5.3"}', b'{}', b'{}', b'{"execution_state": "busy"}'] () {'copy': True}
[2025-04-24 12:00:05,425] DEBUG [ansible_kernel.kernel.send_multipart:1239] msg0 b'kernel.3d36d757-b865-4358-afff-0f4d8186818e.status'
[2025-04-24 12:00:05,425] DEBUG [ansible_kernel.kernel.send_multipart:1240] msg1 b'<IDS|MSG>'
[2025-04-24 12:00:05,425] DEBUG [ansible_kernel.kernel.send_multipart:1241] msg2 b'f4b79152c9b62b21a18c6fba7a41db55154bcc283ed7983f3c553a04a80e1382'
[2025-04-24 12:00:05,425] DEBUG [ansible_kernel.kernel.send_multipart:1242] msg3 {'date': '2025-04-24T18:00:05.425236Z',
 'msg_id': 'ecdf5f6a-72d30c9f7240a160b7f3015b_1063792_16',
 'msg_type': 'status',
 'session': 'ecdf5f6a-72d30c9f7240a160b7f3015b',
 'username': 'ctate',
 'version': '5.3'}
[2025-04-24 12:00:05,425] DEBUG [ansible_kernel.kernel.send_multipart:1243] msg4 {}
[2025-04-24 12:00:05,426] DEBUG [ansible_kernel.kernel.send_multipart:1244] msg5 {}
[2025-04-24 12:00:05,426] DEBUG [ansible_kernel.kernel.send_multipart:1245] msg6 {'execution_state': 'busy'}
[2025-04-24 12:00:05,426] DEBUG [ansible_kernel.kernel.send_multipart:89] result None
[2025-04-24 12:00:05,426] DEBUG [ansible_kernel.kernel.send_multipart:86] send_multipart [b'kernel.3d36d757-b865-4358-afff-0f4d8186818e.status', b'<IDS|MSG>', b'5a56ee95af3e72923a2633acafae64c5a2a7ab72cc11b247b312691fcc07a148', b'{"msg_id": "ecdf5f6a-72d30c9f7240a160b7f3015b_1063792_18", "msg_type": "status", "username": "ctate", "session": "ecdf5f6a-72d30c9f7240a160b7f3015b", "date": "2025-04-24T18:00:05.426703Z", "version": "5.3"}', b'{}', b'{}', b'{"execution_state": "idle"}'] () {'copy': True}
[2025-04-24 12:00:05,426] DEBUG [ansible_kernel.kernel.send_multipart:89] result None
[2025-04-24 12:00:05,426] DEBUG [ansible_kernel.kernel.send_multipart:1236] send_multipart 7 [b'kernel.3d36d757-b865-4358-afff-0f4d8186818e.status', b'<IDS|MSG>', b'5a56ee95af3e72923a2633acafae64c5a2a7ab72cc11b247b312691fcc07a148', b'{"msg_id": "ecdf5f6a-72d30c9f7240a160b7f3015b_1063792_18", "msg_type": "status", "username": "ctate", "session": "ecdf5f6a-72d30c9f7240a160b7f3015b", "date": "2025-04-24T18:00:05.426703Z", "version": "5.3"}', b'{}', b'{}', b'{"execution_state": "idle"}'] () {'copy': True}
[2025-04-24 12:00:05,426] DEBUG [ansible_kernel.kernel.send_multipart:1239] msg0 b'kernel.3d36d757-b865-4358-afff-0f4d8186818e.status'
[2025-04-24 12:00:05,427] DEBUG [ansible_kernel.kernel.send_multipart:1240] msg1 b'<IDS|MSG>'
[2025-04-24 12:00:05,427] DEBUG [ansible_kernel.kernel.send_multipart:1241] msg2 b'5a56ee95af3e72923a2633acafae64c5a2a7ab72cc11b247b312691fcc07a148'
[2025-04-24 12:00:05,427] DEBUG [ansible_kernel.kernel.send_multipart:1242] msg3 {'date': '2025-04-24T18:00:05.426703Z',
 'msg_id': 'ecdf5f6a-72d30c9f7240a160b7f3015b_1063792_18',
 'msg_type': 'status',
 'session': 'ecdf5f6a-72d30c9f7240a160b7f3015b',
 'username': 'ctate',
 'version': '5.3'}
[2025-04-24 12:00:05,427] DEBUG [ansible_kernel.kernel.send_multipart:1243] msg4 {}
[2025-04-24 12:00:05,427] DEBUG [ansible_kernel.kernel.send_multipart:1244] msg5 {}
[2025-04-24 12:00:05,427] DEBUG [ansible_kernel.kernel.send_multipart:1245] msg6 {'execution_state': 'idle'}
[2025-04-24 12:00:05,427] DEBUG [ansible_kernel.kernel.send_multipart:89] result None
[2025-04-24 12:00:05,430] DEBUG [ansible_kernel.kernel.send_multipart:86] send_multipart [b'kernel.3d36d757-b865-4358-afff-0f4d8186818e.status', b'<IDS|MSG>', b'8e758c8431d97c37f68d24f371be940b1dfef485d08679b01de6d7b5376ba79a', b'{"msg_id": "ecdf5f6a-72d30c9f7240a160b7f3015b_1063792_20", "msg_type": "status", "username": "ctate", "session": "ecdf5f6a-72d30c9f7240a160b7f3015b", "date": "2025-04-24T18:00:05.430010Z", "version": "5.3"}', b'{"date": "2025-04-24T18:00:04.937000Z", "msg_id": "0ebb6093-86c2-404e-9450-a67a4aa1a136", "msg_type": "kernel_info_request", "session": "26b52de7-ad89-4bcc-8982-16dd7398e68a", "username": "bdb42cd5-a82f-45cf-984b-33d5cc24fe08", "version": "5.2"}', b'{}', b'{"execution_state": "idle"}'] () {'copy': True}
[2025-04-24 12:00:05,430] DEBUG [ansible_kernel.kernel.send_multipart:89] result None
[2025-04-24 12:00:05,430] DEBUG [ansible_kernel.kernel.send_multipart:1236] send_multipart 7 [b'kernel.3d36d757-b865-4358-afff-0f4d8186818e.status', b'<IDS|MSG>', b'8e758c8431d97c37f68d24f371be940b1dfef485d08679b01de6d7b5376ba79a', b'{"msg_id": "ecdf5f6a-72d30c9f7240a160b7f3015b_1063792_20", "msg_type": "status", "username": "ctate", "session": "ecdf5f6a-72d30c9f7240a160b7f3015b", "date": "2025-04-24T18:00:05.430010Z", "version": "5.3"}', b'{"date": "2025-04-24T18:00:04.937000Z", "msg_id": "0ebb6093-86c2-404e-9450-a67a4aa1a136", "msg_type": "kernel_info_request", "session": "26b52de7-ad89-4bcc-8982-16dd7398e68a", "username": "bdb42cd5-a82f-45cf-984b-33d5cc24fe08", "version": "5.2"}', b'{}', b'{"execution_state": "idle"}'] () {'copy': True}
[2025-04-24 12:00:05,430] DEBUG [ansible_kernel.kernel.send_multipart:1239] msg0 b'kernel.3d36d757-b865-4358-afff-0f4d8186818e.status'
[2025-04-24 12:00:05,430] DEBUG [ansible_kernel.kernel.send_multipart:1240] msg1 b'<IDS|MSG>'
[2025-04-24 12:00:05,430] DEBUG [ansible_kernel.kernel.send_multipart:1241] msg2 b'8e758c8431d97c37f68d24f371be940b1dfef485d08679b01de6d7b5376ba79a'
[2025-04-24 12:00:05,430] DEBUG [ansible_kernel.kernel.send_multipart:1242] msg3 {'date': '2025-04-24T18:00:05.430010Z',
 'msg_id': 'ecdf5f6a-72d30c9f7240a160b7f3015b_1063792_20',
 'msg_type': 'status',
 'session': 'ecdf5f6a-72d30c9f7240a160b7f3015b',
 'username': 'ctate',
 'version': '5.3'}
[2025-04-24 12:00:05,431] DEBUG [ansible_kernel.kernel.send_multipart:1243] msg4 {'date': '2025-04-24T18:00:04.937000Z',
 'msg_id': '0ebb6093-86c2-404e-9450-a67a4aa1a136',
 'msg_type': 'kernel_info_request',
 'session': '26b52de7-ad89-4bcc-8982-16dd7398e68a',
 'username': 'bdb42cd5-a82f-45cf-984b-33d5cc24fe08',
 'version': '5.2'}
[2025-04-24 12:00:05,431] DEBUG [ansible_kernel.kernel.send_multipart:1244] msg5 {}
[2025-04-24 12:00:05,431] DEBUG [ansible_kernel.kernel.send_multipart:1245] msg6 {'execution_state': 'idle'}
[2025-04-24 12:00:05,431] DEBUG [ansible_kernel.kernel.send_multipart:89] result None
[2025-04-24 12:00:05,433] DEBUG [ansible_kernel.kernel.send_multipart:86] send_multipart [b'kernel.3d36d757-b865-4358-afff-0f4d8186818e.status', b'<IDS|MSG>', b'27d0a1a2479da3ee51132560f2e739b00e3ca64f51ac1c22c916ec9e87e29eb8', b'{"msg_id": "ecdf5f6a-72d30c9f7240a160b7f3015b_1063792_21", "msg_type": "status", "username": "ctate", "session": "ecdf5f6a-72d30c9f7240a160b7f3015b", "date": "2025-04-24T18:00:05.432858Z", "version": "5.3"}', b'{"date": "2025-04-24T18:00:02.935000Z", "msg_id": "cc4d9b68-c378-4c1d-b325-34aad0535089", "msg_type": "kernel_info_request", "session": "26b52de7-ad89-4bcc-8982-16dd7398e68a", "username": "bdb42cd5-a82f-45cf-984b-33d5cc24fe08", "version": "5.2"}', b'{}', b'{"execution_state": "busy"}'] () {'copy': True}
[2025-04-24 12:00:05,433] DEBUG [ansible_kernel.kernel.send_multipart:89] result None
[2025-04-24 12:00:05,433] DEBUG [ansible_kernel.kernel.send_multipart:1236] send_multipart 7 [b'kernel.3d36d757-b865-4358-afff-0f4d8186818e.status', b'<IDS|MSG>', b'27d0a1a2479da3ee51132560f2e739b00e3ca64f51ac1c22c916ec9e87e29eb8', b'{"msg_id": "ecdf5f6a-72d30c9f7240a160b7f3015b_1063792_21", "msg_type": "status", "username": "ctate", "session": "ecdf5f6a-72d30c9f7240a160b7f3015b", "date": "2025-04-24T18:00:05.432858Z", "version": "5.3"}', b'{"date": "2025-04-24T18:00:02.935000Z", "msg_id": "cc4d9b68-c378-4c1d-b325-34aad0535089", "msg_type": "kernel_info_request", "session": "26b52de7-ad89-4bcc-8982-16dd7398e68a", "username": "bdb42cd5-a82f-45cf-984b-33d5cc24fe08", "version": "5.2"}', b'{}', b'{"execution_state": "busy"}'] () {'copy': True}
[2025-04-24 12:00:05,433] DEBUG [ansible_kernel.kernel.send_multipart:1239] msg0 b'kernel.3d36d757-b865-4358-afff-0f4d8186818e.status'
[2025-04-24 12:00:05,433] DEBUG [ansible_kernel.kernel.send_multipart:1240] msg1 b'<IDS|MSG>'
[2025-04-24 12:00:05,434] DEBUG [ansible_kernel.kernel.send_multipart:1241] msg2 b'27d0a1a2479da3ee51132560f2e739b00e3ca64f51ac1c22c916ec9e87e29eb8'
[2025-04-24 12:00:05,434] DEBUG [ansible_kernel.kernel.send_multipart:1242] msg3 {'date': '2025-04-24T18:00:05.432858Z',
 'msg_id': 'ecdf5f6a-72d30c9f7240a160b7f3015b_1063792_21',
 'msg_type': 'status',
 'session': 'ecdf5f6a-72d30c9f7240a160b7f3015b',
 'username': 'ctate',
 'version': '5.3'}
[2025-04-24 12:00:05,434] DEBUG [ansible_kernel.kernel.send_multipart:1243] msg4 {'date': '2025-04-24T18:00:02.935000Z',
 'msg_id': 'cc4d9b68-c378-4c1d-b325-34aad0535089',
 'msg_type': 'kernel_info_request',
 'session': '26b52de7-ad89-4bcc-8982-16dd7398e68a',
 'username': 'bdb42cd5-a82f-45cf-984b-33d5cc24fe08',
 'version': '5.2'}
[2025-04-24 12:00:05,434] DEBUG [ansible_kernel.kernel.send_multipart:1244] msg5 {}
[2025-04-24 12:00:05,434] DEBUG [ansible_kernel.kernel.send_multipart:1245] msg6 {'execution_state': 'busy'}
[2025-04-24 12:00:05,434] DEBUG [ansible_kernel.kernel.send_multipart:89] result None
[2025-04-24 12:00:05,436] DEBUG [ansible_kernel.kernel.send_multipart:86] send_multipart [b'kernel.3d36d757-b865-4358-afff-0f4d8186818e.status', b'<IDS|MSG>', b'f42dbbbc83a21b27bb9709a294041fd38b76c567fe7bc80bcfa1ed913128b6fe', b'{"msg_id": "ecdf5f6a-72d30c9f7240a160b7f3015b_1063792_23", "msg_type": "status", "username": "ctate", "session": "ecdf5f6a-72d30c9f7240a160b7f3015b", "date": "2025-04-24T18:00:05.436534Z", "version": "5.3"}', b'{"date": "2025-04-24T18:00:02.935000Z", "msg_id": "cc4d9b68-c378-4c1d-b325-34aad0535089", "msg_type": "kernel_info_request", "session": "26b52de7-ad89-4bcc-8982-16dd7398e68a", "username": "bdb42cd5-a82f-45cf-984b-33d5cc24fe08", "version": "5.2"}', b'{}', b'{"execution_state": "idle"}'] () {'copy': True}
[2025-04-24 12:00:05,436] DEBUG [ansible_kernel.kernel.send_multipart:89] result None
[2025-04-24 12:00:05,437] DEBUG [ansible_kernel.kernel.send_multipart:1236] send_multipart 7 [b'kernel.3d36d757-b865-4358-afff-0f4d8186818e.status', b'<IDS|MSG>', b'f42dbbbc83a21b27bb9709a294041fd38b76c567fe7bc80bcfa1ed913128b6fe', b'{"msg_id": "ecdf5f6a-72d30c9f7240a160b7f3015b_1063792_23", "msg_type": "status", "username": "ctate", "session": "ecdf5f6a-72d30c9f7240a160b7f3015b", "date": "2025-04-24T18:00:05.436534Z", "version": "5.3"}', b'{"date": "2025-04-24T18:00:02.935000Z", "msg_id": "cc4d9b68-c378-4c1d-b325-34aad0535089", "msg_type": "kernel_info_request", "session": "26b52de7-ad89-4bcc-8982-16dd7398e68a", "username": "bdb42cd5-a82f-45cf-984b-33d5cc24fe08", "version": "5.2"}', b'{}', b'{"execution_state": "idle"}'] () {'copy': True}
[2025-04-24 12:00:05,437] DEBUG [ansible_kernel.kernel.send_multipart:1239] msg0 b'kernel.3d36d757-b865-4358-afff-0f4d8186818e.status'
[2025-04-24 12:00:05,437] DEBUG [ansible_kernel.kernel.send_multipart:1240] msg1 b'<IDS|MSG>'
[2025-04-24 12:00:05,437] DEBUG [ansible_kernel.kernel.send_multipart:1241] msg2 b'f42dbbbc83a21b27bb9709a294041fd38b76c567fe7bc80bcfa1ed913128b6fe'
[2025-04-24 12:00:05,437] DEBUG [ansible_kernel.kernel.send_multipart:1242] msg3 {'date': '2025-04-24T18:00:05.436534Z',
 'msg_id': 'ecdf5f6a-72d30c9f7240a160b7f3015b_1063792_23',
 'msg_type': 'status',
 'session': 'ecdf5f6a-72d30c9f7240a160b7f3015b',
 'username': 'ctate',
 'version': '5.3'}
[2025-04-24 12:00:05,437] DEBUG [ansible_kernel.kernel.send_multipart:1243] msg4 {'date': '2025-04-24T18:00:02.935000Z',
 'msg_id': 'cc4d9b68-c378-4c1d-b325-34aad0535089',
 'msg_type': 'kernel_info_request',
 'session': '26b52de7-ad89-4bcc-8982-16dd7398e68a',
 'username': 'bdb42cd5-a82f-45cf-984b-33d5cc24fe08',
 'version': '5.2'}
[2025-04-24 12:00:05,437] DEBUG [ansible_kernel.kernel.send_multipart:1244] msg5 {}
[2025-04-24 12:00:05,437] DEBUG [ansible_kernel.kernel.send_multipart:1245] msg6 {'execution_state': 'idle'}
[2025-04-24 12:00:05,437] DEBUG [ansible_kernel.kernel.send_multipart:89] result None
[2025-04-24 12:00:05,438] DEBUG [ansible_kernel.kernel.send_multipart:86] send_multipart [b'kernel.3d36d757-b865-4358-afff-0f4d8186818e.status', b'<IDS|MSG>', b'b9d12be14f73cb053eb45fc76c3f4b82a4ee2361edf875b11dca7d64ee32fe67', b'{"msg_id": "ecdf5f6a-72d30c9f7240a160b7f3015b_1063792_24", "msg_type": "status", "username": "ctate", "session": "ecdf5f6a-72d30c9f7240a160b7f3015b", "date": "2025-04-24T18:00:05.438673Z", "version": "5.3"}', b'{"date": "2025-04-24T18:00:03.436000Z", "msg_id": "ec960964-0187-4407-86e5-b12c2eeb0d92", "msg_type": "kernel_info_request", "session": "26b52de7-ad89-4bcc-8982-16dd7398e68a", "username": "bdb42cd5-a82f-45cf-984b-33d5cc24fe08", "version": "5.2"}', b'{}', b'{"execution_state": "busy"}'] () {'copy': True}
[2025-04-24 12:00:05,439] DEBUG [ansible_kernel.kernel.send_multipart:89] result None
[2025-04-24 12:00:05,439] DEBUG [ansible_kernel.kernel.send_multipart:1236] send_multipart 7 [b'kernel.3d36d757-b865-4358-afff-0f4d8186818e.status', b'<IDS|MSG>', b'b9d12be14f73cb053eb45fc76c3f4b82a4ee2361edf875b11dca7d64ee32fe67', b'{"msg_id": "ecdf5f6a-72d30c9f7240a160b7f3015b_1063792_24", "msg_type": "status", "username": "ctate", "session": "ecdf5f6a-72d30c9f7240a160b7f3015b", "date": "2025-04-24T18:00:05.438673Z", "version": "5.3"}', b'{"date": "2025-04-24T18:00:03.436000Z", "msg_id": "ec960964-0187-4407-86e5-b12c2eeb0d92", "msg_type": "kernel_info_request", "session": "26b52de7-ad89-4bcc-8982-16dd7398e68a", "username": "bdb42cd5-a82f-45cf-984b-33d5cc24fe08", "version": "5.2"}', b'{}', b'{"execution_state": "busy"}'] () {'copy': True}
[2025-04-24 12:00:05,439] DEBUG [ansible_kernel.kernel.send_multipart:1239] msg0 b'kernel.3d36d757-b865-4358-afff-0f4d8186818e.status'
[2025-04-24 12:00:05,439] DEBUG [ansible_kernel.kernel.send_multipart:1240] msg1 b'<IDS|MSG>'
[2025-04-24 12:00:05,439] DEBUG [ansible_kernel.kernel.send_multipart:1241] msg2 b'b9d12be14f73cb053eb45fc76c3f4b82a4ee2361edf875b11dca7d64ee32fe67'
[2025-04-24 12:00:05,439] DEBUG [ansible_kernel.kernel.send_multipart:1242] msg3 {'date': '2025-04-24T18:00:05.438673Z',
 'msg_id': 'ecdf5f6a-72d30c9f7240a160b7f3015b_1063792_24',
 'msg_type': 'status',
 'session': 'ecdf5f6a-72d30c9f7240a160b7f3015b',
 'username': 'ctate',
 'version': '5.3'}
[2025-04-24 12:00:05,439] DEBUG [ansible_kernel.kernel.send_multipart:1243] msg4 {'date': '2025-04-24T18:00:03.436000Z',
 'msg_id': 'ec960964-0187-4407-86e5-b12c2eeb0d92',
 'msg_type': 'kernel_info_request',
 'session': '26b52de7-ad89-4bcc-8982-16dd7398e68a',
 'username': 'bdb42cd5-a82f-45cf-984b-33d5cc24fe08',
 'version': '5.2'}
[2025-04-24 12:00:05,439] DEBUG [ansible_kernel.kernel.send_multipart:1244] msg5 {}
[2025-04-24 12:00:05,439] DEBUG [ansible_kernel.kernel.send_multipart:1245] msg6 {'execution_state': 'busy'}
[2025-04-24 12:00:05,439] DEBUG [ansible_kernel.kernel.send_multipart:89] result None
[2025-04-24 12:00:05,440] DEBUG [ansible_kernel.kernel.send_multipart:86] send_multipart [b'kernel.3d36d757-b865-4358-afff-0f4d8186818e.status', b'<IDS|MSG>', b'82c9d5eb413976d348cbe591a4dec8ce3d5af088cc94ff3c7ac27aa9e725800e', b'{"msg_id": "ecdf5f6a-72d30c9f7240a160b7f3015b_1063792_26", "msg_type": "status", "username": "ctate", "session": "ecdf5f6a-72d30c9f7240a160b7f3015b", "date": "2025-04-24T18:00:05.440829Z", "version": "5.3"}', b'{"date": "2025-04-24T18:00:03.436000Z", "msg_id": "ec960964-0187-4407-86e5-b12c2eeb0d92", "msg_type": "kernel_info_request", "session": "26b52de7-ad89-4bcc-8982-16dd7398e68a", "username": "bdb42cd5-a82f-45cf-984b-33d5cc24fe08", "version": "5.2"}', b'{}', b'{"execution_state": "idle"}'] () {'copy': True}
[2025-04-24 12:00:05,441] DEBUG [ansible_kernel.kernel.send_multipart:89] result None
[2025-04-24 12:00:05,441] DEBUG [ansible_kernel.kernel.send_multipart:1236] send_multipart 7 [b'kernel.3d36d757-b865-4358-afff-0f4d8186818e.status', b'<IDS|MSG>', b'82c9d5eb413976d348cbe591a4dec8ce3d5af088cc94ff3c7ac27aa9e725800e', b'{"msg_id": "ecdf5f6a-72d30c9f7240a160b7f3015b_1063792_26", "msg_type": "status", "username": "ctate", "session": "ecdf5f6a-72d30c9f7240a160b7f3015b", "date": "2025-04-24T18:00:05.440829Z", "version": "5.3"}', b'{"date": "2025-04-24T18:00:03.436000Z", "msg_id": "ec960964-0187-4407-86e5-b12c2eeb0d92", "msg_type": "kernel_info_request", "session": "26b52de7-ad89-4bcc-8982-16dd7398e68a", "username": "bdb42cd5-a82f-45cf-984b-33d5cc24fe08", "version": "5.2"}', b'{}', b'{"execution_state": "idle"}'] () {'copy': True}
[2025-04-24 12:00:05,441] DEBUG [ansible_kernel.kernel.send_multipart:1239] msg0 b'kernel.3d36d757-b865-4358-afff-0f4d8186818e.status'
[2025-04-24 12:00:05,441] DEBUG [ansible_kernel.kernel.send_multipart:1240] msg1 b'<IDS|MSG>'
[2025-04-24 12:00:05,441] DEBUG [ansible_kernel.kernel.send_multipart:1241] msg2 b'82c9d5eb413976d348cbe591a4dec8ce3d5af088cc94ff3c7ac27aa9e725800e'
[2025-04-24 12:00:05,441] DEBUG [ansible_kernel.kernel.send_multipart:1242] msg3 {'date': '2025-04-24T18:00:05.440829Z',
 'msg_id': 'ecdf5f6a-72d30c9f7240a160b7f3015b_1063792_26',
 'msg_type': 'status',
 'session': 'ecdf5f6a-72d30c9f7240a160b7f3015b',
 'username': 'ctate',
 'version': '5.3'}
[2025-04-24 12:00:05,441] DEBUG [ansible_kernel.kernel.send_multipart:1243] msg4 {'date': '2025-04-24T18:00:03.436000Z',
 'msg_id': 'ec960964-0187-4407-86e5-b12c2eeb0d92',
 'msg_type': 'kernel_info_request',
 'session': '26b52de7-ad89-4bcc-8982-16dd7398e68a',
 'username': 'bdb42cd5-a82f-45cf-984b-33d5cc24fe08',
 'version': '5.2'}
[2025-04-24 12:00:05,442] DEBUG [ansible_kernel.kernel.send_multipart:1244] msg5 {}
[2025-04-24 12:00:05,442] DEBUG [ansible_kernel.kernel.send_multipart:1245] msg6 {'execution_state': 'idle'}
[2025-04-24 12:00:05,442] DEBUG [ansible_kernel.kernel.send_multipart:89] result None
[2025-04-24 12:00:05,443] DEBUG [ansible_kernel.kernel.send_multipart:86] send_multipart [b'kernel.3d36d757-b865-4358-afff-0f4d8186818e.status', b'<IDS|MSG>', b'f5f32d6d7088239a8d259dce31388fdf7b87ecf8811b0206681d7fa884901f22', b'{"msg_id": "ecdf5f6a-72d30c9f7240a160b7f3015b_1063792_27", "msg_type": "status", "username": "ctate", "session": "ecdf5f6a-72d30c9f7240a160b7f3015b", "date": "2025-04-24T18:00:05.443158Z", "version": "5.3"}', b'{"date": "2025-04-24T18:00:03.936000Z", "msg_id": "df73e28f-83ac-4af4-b910-e2f27a3dfcd9", "msg_type": "kernel_info_request", "session": "26b52de7-ad89-4bcc-8982-16dd7398e68a", "username": "bdb42cd5-a82f-45cf-984b-33d5cc24fe08", "version": "5.2"}', b'{}', b'{"execution_state": "busy"}'] () {'copy': True}
[2025-04-24 12:00:05,443] DEBUG [ansible_kernel.kernel.send_multipart:89] result None
[2025-04-24 12:00:05,443] DEBUG [ansible_kernel.kernel.send_multipart:1236] send_multipart 7 [b'kernel.3d36d757-b865-4358-afff-0f4d8186818e.status', b'<IDS|MSG>', b'f5f32d6d7088239a8d259dce31388fdf7b87ecf8811b0206681d7fa884901f22', b'{"msg_id": "ecdf5f6a-72d30c9f7240a160b7f3015b_1063792_27", "msg_type": "status", "username": "ctate", "session": "ecdf5f6a-72d30c9f7240a160b7f3015b", "date": "2025-04-24T18:00:05.443158Z", "version": "5.3"}', b'{"date": "2025-04-24T18:00:03.936000Z", "msg_id": "df73e28f-83ac-4af4-b910-e2f27a3dfcd9", "msg_type": "kernel_info_request", "session": "26b52de7-ad89-4bcc-8982-16dd7398e68a", "username": "bdb42cd5-a82f-45cf-984b-33d5cc24fe08", "version": "5.2"}', b'{}', b'{"execution_state": "busy"}'] () {'copy': True}
[2025-04-24 12:00:05,444] DEBUG [ansible_kernel.kernel.send_multipart:1239] msg0 b'kernel.3d36d757-b865-4358-afff-0f4d8186818e.status'
[2025-04-24 12:00:05,444] DEBUG [ansible_kernel.kernel.send_multipart:1240] msg1 b'<IDS|MSG>'
[2025-04-24 12:00:05,444] DEBUG [ansible_kernel.kernel.send_multipart:1241] msg2 b'f5f32d6d7088239a8d259dce31388fdf7b87ecf8811b0206681d7fa884901f22'
[2025-04-24 12:00:05,444] DEBUG [ansible_kernel.kernel.send_multipart:1242] msg3 {'date': '2025-04-24T18:00:05.443158Z',
 'msg_id': 'ecdf5f6a-72d30c9f7240a160b7f3015b_1063792_27',
 'msg_type': 'status',
 'session': 'ecdf5f6a-72d30c9f7240a160b7f3015b',
 'username': 'ctate',
 'version': '5.3'}
[2025-04-24 12:00:05,444] DEBUG [ansible_kernel.kernel.send_multipart:1243] msg4 {'date': '2025-04-24T18:00:03.936000Z',
 'msg_id': 'df73e28f-83ac-4af4-b910-e2f27a3dfcd9',
 'msg_type': 'kernel_info_request',
 'session': '26b52de7-ad89-4bcc-8982-16dd7398e68a',
 'username': 'bdb42cd5-a82f-45cf-984b-33d5cc24fe08',
 'version': '5.2'}
[2025-04-24 12:00:05,444] DEBUG [ansible_kernel.kernel.send_multipart:1244] msg5 {}
[2025-04-24 12:00:05,444] DEBUG [ansible_kernel.kernel.send_multipart:1245] msg6 {'execution_state': 'busy'}
[2025-04-24 12:00:05,444] DEBUG [ansible_kernel.kernel.send_multipart:89] result None
[2025-04-24 12:00:05,446] DEBUG [ansible_kernel.kernel.send_multipart:86] send_multipart [b'kernel.3d36d757-b865-4358-afff-0f4d8186818e.status', b'<IDS|MSG>', b'a6284e129e1abb2d4f406c606b1b8d50f7e7e819456c29965737e3767db8b26b', b'{"msg_id": "ecdf5f6a-72d30c9f7240a160b7f3015b_1063792_29", "msg_type": "status", "username": "ctate", "session": "ecdf5f6a-72d30c9f7240a160b7f3015b", "date": "2025-04-24T18:00:05.445972Z", "version": "5.3"}', b'{"date": "2025-04-24T18:00:03.936000Z", "msg_id": "df73e28f-83ac-4af4-b910-e2f27a3dfcd9", "msg_type": "kernel_info_request", "session": "26b52de7-ad89-4bcc-8982-16dd7398e68a", "username": "bdb42cd5-a82f-45cf-984b-33d5cc24fe08", "version": "5.2"}', b'{}', b'{"execution_state": "idle"}'] () {'copy': True}
[2025-04-24 12:00:05,446] DEBUG [ansible_kernel.kernel.send_multipart:89] result None
[2025-04-24 12:00:05,446] DEBUG [ansible_kernel.kernel.send_multipart:1236] send_multipart 7 [b'kernel.3d36d757-b865-4358-afff-0f4d8186818e.status', b'<IDS|MSG>', b'a6284e129e1abb2d4f406c606b1b8d50f7e7e819456c29965737e3767db8b26b', b'{"msg_id": "ecdf5f6a-72d30c9f7240a160b7f3015b_1063792_29", "msg_type": "status", "username": "ctate", "session": "ecdf5f6a-72d30c9f7240a160b7f3015b", "date": "2025-04-24T18:00:05.445972Z", "version": "5.3"}', b'{"date": "2025-04-24T18:00:03.936000Z", "msg_id": "df73e28f-83ac-4af4-b910-e2f27a3dfcd9", "msg_type": "kernel_info_request", "session": "26b52de7-ad89-4bcc-8982-16dd7398e68a", "username": "bdb42cd5-a82f-45cf-984b-33d5cc24fe08", "version": "5.2"}', b'{}', b'{"execution_state": "idle"}'] () {'copy': True}
[2025-04-24 12:00:05,446] DEBUG [ansible_kernel.kernel.send_multipart:1239] msg0 b'kernel.3d36d757-b865-4358-afff-0f4d8186818e.status'
[2025-04-24 12:00:05,446] DEBUG [ansible_kernel.kernel.send_multipart:1240] msg1 b'<IDS|MSG>'
[2025-04-24 12:00:05,446] DEBUG [ansible_kernel.kernel.send_multipart:1241] msg2 b'a6284e129e1abb2d4f406c606b1b8d50f7e7e819456c29965737e3767db8b26b'
[2025-04-24 12:00:05,446] DEBUG [ansible_kernel.kernel.send_multipart:1242] msg3 {'date': '2025-04-24T18:00:05.445972Z',
 'msg_id': 'ecdf5f6a-72d30c9f7240a160b7f3015b_1063792_29',
 'msg_type': 'status',
 'session': 'ecdf5f6a-72d30c9f7240a160b7f3015b',
 'username': 'ctate',
 'version': '5.3'}
[2025-04-24 12:00:05,446] DEBUG [ansible_kernel.kernel.send_multipart:1243] msg4 {'date': '2025-04-24T18:00:03.936000Z',
 'msg_id': 'df73e28f-83ac-4af4-b910-e2f27a3dfcd9',
 'msg_type': 'kernel_info_request',
 'session': '26b52de7-ad89-4bcc-8982-16dd7398e68a',
 'username': 'bdb42cd5-a82f-45cf-984b-33d5cc24fe08',
 'version': '5.2'}
[2025-04-24 12:00:05,446] DEBUG [ansible_kernel.kernel.send_multipart:1244] msg5 {}
[2025-04-24 12:00:05,446] DEBUG [ansible_kernel.kernel.send_multipart:1245] msg6 {'execution_state': 'idle'}
[2025-04-24 12:00:05,446] DEBUG [ansible_kernel.kernel.send_multipart:89] result None
[2025-04-24 12:00:05,448] DEBUG [ansible_kernel.kernel.send_multipart:86] send_multipart [b'kernel.3d36d757-b865-4358-afff-0f4d8186818e.status', b'<IDS|MSG>', b'cf2b9481b1dbfd6d2f0c5040e4aaf819838b1836b99794a973633449b0bb643c', b'{"msg_id": "ecdf5f6a-72d30c9f7240a160b7f3015b_1063792_30", "msg_type": "status", "username": "ctate", "session": "ecdf5f6a-72d30c9f7240a160b7f3015b", "date": "2025-04-24T18:00:05.448196Z", "version": "5.3"}', b'{"date": "2025-04-24T18:00:04.436000Z", "msg_id": "50ee92a9-e8fd-4407-8c04-4deea807311f", "msg_type": "kernel_info_request", "session": "26b52de7-ad89-4bcc-8982-16dd7398e68a", "username": "bdb42cd5-a82f-45cf-984b-33d5cc24fe08", "version": "5.2"}', b'{}', b'{"execution_state": "busy"}'] () {'copy': True}
[2025-04-24 12:00:05,448] DEBUG [ansible_kernel.kernel.send_multipart:89] result None
[2025-04-24 12:00:05,448] DEBUG [ansible_kernel.kernel.send_multipart:1236] send_multipart 7 [b'kernel.3d36d757-b865-4358-afff-0f4d8186818e.status', b'<IDS|MSG>', b'cf2b9481b1dbfd6d2f0c5040e4aaf819838b1836b99794a973633449b0bb643c', b'{"msg_id": "ecdf5f6a-72d30c9f7240a160b7f3015b_1063792_30", "msg_type": "status", "username": "ctate", "session": "ecdf5f6a-72d30c9f7240a160b7f3015b", "date": "2025-04-24T18:00:05.448196Z", "version": "5.3"}', b'{"date": "2025-04-24T18:00:04.436000Z", "msg_id": "50ee92a9-e8fd-4407-8c04-4deea807311f", "msg_type": "kernel_info_request", "session": "26b52de7-ad89-4bcc-8982-16dd7398e68a", "username": "bdb42cd5-a82f-45cf-984b-33d5cc24fe08", "version": "5.2"}', b'{}', b'{"execution_state": "busy"}'] () {'copy': True}
[2025-04-24 12:00:05,449] DEBUG [ansible_kernel.kernel.send_multipart:1239] msg0 b'kernel.3d36d757-b865-4358-afff-0f4d8186818e.status'
[2025-04-24 12:00:05,449] DEBUG [ansible_kernel.kernel.send_multipart:1240] msg1 b'<IDS|MSG>'
[2025-04-24 12:00:05,449] DEBUG [ansible_kernel.kernel.send_multipart:1241] msg2 b'cf2b9481b1dbfd6d2f0c5040e4aaf819838b1836b99794a973633449b0bb643c'
[2025-04-24 12:00:05,449] DEBUG [ansible_kernel.kernel.send_multipart:1242] msg3 {'date': '2025-04-24T18:00:05.448196Z',
 'msg_id': 'ecdf5f6a-72d30c9f7240a160b7f3015b_1063792_30',
 'msg_type': 'status',
 'session': 'ecdf5f6a-72d30c9f7240a160b7f3015b',
 'username': 'ctate',
 'version': '5.3'}
[2025-04-24 12:00:05,449] DEBUG [ansible_kernel.kernel.send_multipart:1243] msg4 {'date': '2025-04-24T18:00:04.436000Z',
 'msg_id': '50ee92a9-e8fd-4407-8c04-4deea807311f',
 'msg_type': 'kernel_info_request',
 'session': '26b52de7-ad89-4bcc-8982-16dd7398e68a',
 'username': 'bdb42cd5-a82f-45cf-984b-33d5cc24fe08',
 'version': '5.2'}
[2025-04-24 12:00:05,449] DEBUG [ansible_kernel.kernel.send_multipart:1244] msg5 {}
[2025-04-24 12:00:05,449] DEBUG [ansible_kernel.kernel.send_multipart:1245] msg6 {'execution_state': 'busy'}
[2025-04-24 12:00:05,449] DEBUG [ansible_kernel.kernel.send_multipart:89] result None
[2025-04-24 12:00:05,451] DEBUG [ansible_kernel.kernel.send_multipart:86] send_multipart [b'kernel.3d36d757-b865-4358-afff-0f4d8186818e.status', b'<IDS|MSG>', b'8fc96c7706a4cea8a2590ccb605fa7e0a679dfe201c2996a0b66a97d6637000f', b'{"msg_id": "ecdf5f6a-72d30c9f7240a160b7f3015b_1063792_32", "msg_type": "status", "username": "ctate", "session": "ecdf5f6a-72d30c9f7240a160b7f3015b", "date": "2025-04-24T18:00:05.450862Z", "version": "5.3"}', b'{"date": "2025-04-24T18:00:04.436000Z", "msg_id": "50ee92a9-e8fd-4407-8c04-4deea807311f", "msg_type": "kernel_info_request", "session": "26b52de7-ad89-4bcc-8982-16dd7398e68a", "username": "bdb42cd5-a82f-45cf-984b-33d5cc24fe08", "version": "5.2"}', b'{}', b'{"execution_state": "idle"}'] () {'copy': True}
[2025-04-24 12:00:05,451] DEBUG [ansible_kernel.kernel.send_multipart:89] result None
[2025-04-24 12:00:05,451] DEBUG [ansible_kernel.kernel.send_multipart:1236] send_multipart 7 [b'kernel.3d36d757-b865-4358-afff-0f4d8186818e.status', b'<IDS|MSG>', b'8fc96c7706a4cea8a2590ccb605fa7e0a679dfe201c2996a0b66a97d6637000f', b'{"msg_id": "ecdf5f6a-72d30c9f7240a160b7f3015b_1063792_32", "msg_type": "status", "username": "ctate", "session": "ecdf5f6a-72d30c9f7240a160b7f3015b", "date": "2025-04-24T18:00:05.450862Z", "version": "5.3"}', b'{"date": "2025-04-24T18:00:04.436000Z", "msg_id": "50ee92a9-e8fd-4407-8c04-4deea807311f", "msg_type": "kernel_info_request", "session": "26b52de7-ad89-4bcc-8982-16dd7398e68a", "username": "bdb42cd5-a82f-45cf-984b-33d5cc24fe08", "version": "5.2"}', b'{}', b'{"execution_state": "idle"}'] () {'copy': True}
[2025-04-24 12:00:05,451] DEBUG [ansible_kernel.kernel.send_multipart:1239] msg0 b'kernel.3d36d757-b865-4358-afff-0f4d8186818e.status'
[2025-04-24 12:00:05,451] DEBUG [ansible_kernel.kernel.send_multipart:1240] msg1 b'<IDS|MSG>'
[2025-04-24 12:00:05,451] DEBUG [ansible_kernel.kernel.send_multipart:1241] msg2 b'8fc96c7706a4cea8a2590ccb605fa7e0a679dfe201c2996a0b66a97d6637000f'
[2025-04-24 12:00:05,451] DEBUG [ansible_kernel.kernel.send_multipart:1242] msg3 {'date': '2025-04-24T18:00:05.450862Z',
 'msg_id': 'ecdf5f6a-72d30c9f7240a160b7f3015b_1063792_32',
 'msg_type': 'status',
 'session': 'ecdf5f6a-72d30c9f7240a160b7f3015b',
 'username': 'ctate',
 'version': '5.3'}
[2025-04-24 12:00:05,452] DEBUG [ansible_kernel.kernel.send_multipart:1243] msg4 {'date': '2025-04-24T18:00:04.436000Z',
 'msg_id': '50ee92a9-e8fd-4407-8c04-4deea807311f',
 'msg_type': 'kernel_info_request',
 'session': '26b52de7-ad89-4bcc-8982-16dd7398e68a',
 'username': 'bdb42cd5-a82f-45cf-984b-33d5cc24fe08',
 'version': '5.2'}
[2025-04-24 12:00:05,452] DEBUG [ansible_kernel.kernel.send_multipart:1244] msg5 {}
[2025-04-24 12:00:05,452] DEBUG [ansible_kernel.kernel.send_multipart:1245] msg6 {'execution_state': 'idle'}
[2025-04-24 12:00:05,452] DEBUG [ansible_kernel.kernel.send_multipart:89] result None
[2025-04-24 12:00:05,453] DEBUG [ansible_kernel.kernel.send_multipart:86] send_multipart [b'kernel.3d36d757-b865-4358-afff-0f4d8186818e.status', b'<IDS|MSG>', b'9f402210f1d3e418e320ee543fa060cf5a89bd8bd060696cdaca2d87ee8dc7ba', b'{"msg_id": "ecdf5f6a-72d30c9f7240a160b7f3015b_1063792_33", "msg_type": "status", "username": "ctate", "session": "ecdf5f6a-72d30c9f7240a160b7f3015b", "date": "2025-04-24T18:00:05.453264Z", "version": "5.3"}', b'{"date": "2025-04-24T18:00:04.937000Z", "msg_id": "78916ce6-0344-4f58-bb4f-64a62489a083", "msg_type": "kernel_info_request", "session": "26b52de7-ad89-4bcc-8982-16dd7398e68a", "username": "bdb42cd5-a82f-45cf-984b-33d5cc24fe08", "version": "5.2"}', b'{}', b'{"execution_state": "busy"}'] () {'copy': True}
[2025-04-24 12:00:05,453] DEBUG [ansible_kernel.kernel.send_multipart:89] result None
[2025-04-24 12:00:05,454] DEBUG [ansible_kernel.kernel.send_multipart:1236] send_multipart 7 [b'kernel.3d36d757-b865-4358-afff-0f4d8186818e.status', b'<IDS|MSG>', b'9f402210f1d3e418e320ee543fa060cf5a89bd8bd060696cdaca2d87ee8dc7ba', b'{"msg_id": "ecdf5f6a-72d30c9f7240a160b7f3015b_1063792_33", "msg_type": "status", "username": "ctate", "session": "ecdf5f6a-72d30c9f7240a160b7f3015b", "date": "2025-04-24T18:00:05.453264Z", "version": "5.3"}', b'{"date": "2025-04-24T18:00:04.937000Z", "msg_id": "78916ce6-0344-4f58-bb4f-64a62489a083", "msg_type": "kernel_info_request", "session": "26b52de7-ad89-4bcc-8982-16dd7398e68a", "username": "bdb42cd5-a82f-45cf-984b-33d5cc24fe08", "version": "5.2"}', b'{}', b'{"execution_state": "busy"}'] () {'copy': True}
[2025-04-24 12:00:05,454] DEBUG [ansible_kernel.kernel.send_multipart:1239] msg0 b'kernel.3d36d757-b865-4358-afff-0f4d8186818e.status'
[2025-04-24 12:00:05,454] DEBUG [ansible_kernel.kernel.send_multipart:1240] msg1 b'<IDS|MSG>'
[2025-04-24 12:00:05,454] DEBUG [ansible_kernel.kernel.send_multipart:1241] msg2 b'9f402210f1d3e418e320ee543fa060cf5a89bd8bd060696cdaca2d87ee8dc7ba'
[2025-04-24 12:00:05,454] DEBUG [ansible_kernel.kernel.send_multipart:1242] msg3 {'date': '2025-04-24T18:00:05.453264Z',
 'msg_id': 'ecdf5f6a-72d30c9f7240a160b7f3015b_1063792_33',
 'msg_type': 'status',
 'session': 'ecdf5f6a-72d30c9f7240a160b7f3015b',
 'username': 'ctate',
 'version': '5.3'}
[2025-04-24 12:00:05,455] DEBUG [ansible_kernel.kernel.send_multipart:1243] msg4 {'date': '2025-04-24T18:00:04.937000Z',
 'msg_id': '78916ce6-0344-4f58-bb4f-64a62489a083',
 'msg_type': 'kernel_info_request',
 'session': '26b52de7-ad89-4bcc-8982-16dd7398e68a',
 'username': 'bdb42cd5-a82f-45cf-984b-33d5cc24fe08',
 'version': '5.2'}
[2025-04-24 12:00:05,455] DEBUG [ansible_kernel.kernel.send_multipart:1244] msg5 {}
[2025-04-24 12:00:05,455] DEBUG [ansible_kernel.kernel.send_multipart:1245] msg6 {'execution_state': 'busy'}
[2025-04-24 12:00:05,455] DEBUG [ansible_kernel.kernel.send_multipart:89] result None
[2025-04-24 12:00:05,456] DEBUG [ansible_kernel.kernel.send_multipart:86] send_multipart [b'kernel.3d36d757-b865-4358-afff-0f4d8186818e.status', b'<IDS|MSG>', b'e60c04d991d0f80b2e20d0b582d87048e75ecd5fb542a92bbfdb80355aab4593', b'{"msg_id": "ecdf5f6a-72d30c9f7240a160b7f3015b_1063792_35", "msg_type": "status", "username": "ctate", "session": "ecdf5f6a-72d30c9f7240a160b7f3015b", "date": "2025-04-24T18:00:05.456698Z", "version": "5.3"}', b'{"date": "2025-04-24T18:00:04.937000Z", "msg_id": "78916ce6-0344-4f58-bb4f-64a62489a083", "msg_type": "kernel_info_request", "session": "26b52de7-ad89-4bcc-8982-16dd7398e68a", "username": "bdb42cd5-a82f-45cf-984b-33d5cc24fe08", "version": "5.2"}', b'{}', b'{"execution_state": "idle"}'] () {'copy': True}
[2025-04-24 12:00:05,457] DEBUG [ansible_kernel.kernel.send_multipart:89] result None
[2025-04-24 12:00:05,457] DEBUG [ansible_kernel.kernel.send_multipart:1236] send_multipart 7 [b'kernel.3d36d757-b865-4358-afff-0f4d8186818e.status', b'<IDS|MSG>', b'e60c04d991d0f80b2e20d0b582d87048e75ecd5fb542a92bbfdb80355aab4593', b'{"msg_id": "ecdf5f6a-72d30c9f7240a160b7f3015b_1063792_35", "msg_type": "status", "username": "ctate", "session": "ecdf5f6a-72d30c9f7240a160b7f3015b", "date": "2025-04-24T18:00:05.456698Z", "version": "5.3"}', b'{"date": "2025-04-24T18:00:04.937000Z", "msg_id": "78916ce6-0344-4f58-bb4f-64a62489a083", "msg_type": "kernel_info_request", "session": "26b52de7-ad89-4bcc-8982-16dd7398e68a", "username": "bdb42cd5-a82f-45cf-984b-33d5cc24fe08", "version": "5.2"}', b'{}', b'{"execution_state": "idle"}'] () {'copy': True}
[2025-04-24 12:00:05,457] DEBUG [ansible_kernel.kernel.send_multipart:1239] msg0 b'kernel.3d36d757-b865-4358-afff-0f4d8186818e.status'
[2025-04-24 12:00:05,457] DEBUG [ansible_kernel.kernel.send_multipart:1240] msg1 b'<IDS|MSG>'
[2025-04-24 12:00:05,457] DEBUG [ansible_kernel.kernel.send_multipart:1241] msg2 b'e60c04d991d0f80b2e20d0b582d87048e75ecd5fb542a92bbfdb80355aab4593'
[2025-04-24 12:00:05,457] DEBUG [ansible_kernel.kernel.send_multipart:1242] msg3 {'date': '2025-04-24T18:00:05.456698Z',
 'msg_id': 'ecdf5f6a-72d30c9f7240a160b7f3015b_1063792_35',
 'msg_type': 'status',
 'session': 'ecdf5f6a-72d30c9f7240a160b7f3015b',
 'username': 'ctate',
 'version': '5.3'}
[2025-04-24 12:00:05,458] DEBUG [ansible_kernel.kernel.send_multipart:1243] msg4 {'date': '2025-04-24T18:00:04.937000Z',
 'msg_id': '78916ce6-0344-4f58-bb4f-64a62489a083',
 'msg_type': 'kernel_info_request',
 'session': '26b52de7-ad89-4bcc-8982-16dd7398e68a',
 'username': 'bdb42cd5-a82f-45cf-984b-33d5cc24fe08',
 'version': '5.2'}
[2025-04-24 12:00:05,458] DEBUG [ansible_kernel.kernel.send_multipart:1244] msg5 {}
[2025-04-24 12:00:05,458] DEBUG [ansible_kernel.kernel.send_multipart:1245] msg6 {'execution_state': 'idle'}
[2025-04-24 12:00:05,458] DEBUG [ansible_kernel.kernel.send_multipart:89] result None
[2025-04-24 12:00:05,459] DEBUG [ansible_kernel.kernel.send_multipart:86] send_multipart [b'kernel.3d36d757-b865-4358-afff-0f4d8186818e.status', b'<IDS|MSG>', b'100d75ddf842d499d28c0e3521068b3d0e4658b1211be967bbff144389b7b006', b'{"msg_id": "ecdf5f6a-72d30c9f7240a160b7f3015b_1063792_36", "msg_type": "status", "username": "ctate", "session": "ecdf5f6a-72d30c9f7240a160b7f3015b", "date": "2025-04-24T18:00:05.458993Z", "version": "5.3"}', b'{"date": "2025-04-24T18:00:05.433000Z", "msg_id": "8f13eec9-86d1-4935-9394-dc106a0cf521", "msg_type": "kernel_info_request", "session": "26b52de7-ad89-4bcc-8982-16dd7398e68a", "username": "bdb42cd5-a82f-45cf-984b-33d5cc24fe08", "version": "5.2"}', b'{}', b'{"execution_state": "busy"}'] () {'copy': True}
[2025-04-24 12:00:05,459] DEBUG [ansible_kernel.kernel.send_multipart:89] result None
[2025-04-24 12:00:05,459] DEBUG [ansible_kernel.kernel.send_multipart:1236] send_multipart 7 [b'kernel.3d36d757-b865-4358-afff-0f4d8186818e.status', b'<IDS|MSG>', b'100d75ddf842d499d28c0e3521068b3d0e4658b1211be967bbff144389b7b006', b'{"msg_id": "ecdf5f6a-72d30c9f7240a160b7f3015b_1063792_36", "msg_type": "status", "username": "ctate", "session": "ecdf5f6a-72d30c9f7240a160b7f3015b", "date": "2025-04-24T18:00:05.458993Z", "version": "5.3"}', b'{"date": "2025-04-24T18:00:05.433000Z", "msg_id": "8f13eec9-86d1-4935-9394-dc106a0cf521", "msg_type": "kernel_info_request", "session": "26b52de7-ad89-4bcc-8982-16dd7398e68a", "username": "bdb42cd5-a82f-45cf-984b-33d5cc24fe08", "version": "5.2"}', b'{}', b'{"execution_state": "busy"}'] () {'copy': True}
[2025-04-24 12:00:05,459] DEBUG [ansible_kernel.kernel.send_multipart:1239] msg0 b'kernel.3d36d757-b865-4358-afff-0f4d8186818e.status'
[2025-04-24 12:00:05,460] DEBUG [ansible_kernel.kernel.send_multipart:1240] msg1 b'<IDS|MSG>'
[2025-04-24 12:00:05,460] DEBUG [ansible_kernel.kernel.send_multipart:1241] msg2 b'100d75ddf842d499d28c0e3521068b3d0e4658b1211be967bbff144389b7b006'
[2025-04-24 12:00:05,460] DEBUG [ansible_kernel.kernel.send_multipart:1242] msg3 {'date': '2025-04-24T18:00:05.458993Z',
 'msg_id': 'ecdf5f6a-72d30c9f7240a160b7f3015b_1063792_36',
 'msg_type': 'status',
 'session': 'ecdf5f6a-72d30c9f7240a160b7f3015b',
 'username': 'ctate',
 'version': '5.3'}
[2025-04-24 12:00:05,460] DEBUG [ansible_kernel.kernel.send_multipart:1243] msg4 {'date': '2025-04-24T18:00:05.433000Z',
 'msg_id': '8f13eec9-86d1-4935-9394-dc106a0cf521',
 'msg_type': 'kernel_info_request',
 'session': '26b52de7-ad89-4bcc-8982-16dd7398e68a',
 'username': 'bdb42cd5-a82f-45cf-984b-33d5cc24fe08',
 'version': '5.2'}
[2025-04-24 12:00:05,460] DEBUG [ansible_kernel.kernel.send_multipart:1244] msg5 {}
[2025-04-24 12:00:05,460] DEBUG [ansible_kernel.kernel.send_multipart:1245] msg6 {'execution_state': 'busy'}
[2025-04-24 12:00:05,460] DEBUG [ansible_kernel.kernel.send_multipart:89] result None
[2025-04-24 12:00:05,462] DEBUG [ansible_kernel.kernel.send_multipart:86] send_multipart [b'kernel.3d36d757-b865-4358-afff-0f4d8186818e.status', b'<IDS|MSG>', b'a2d5505f1de2e64f15cf3d59c9ea99ac0598a9b0d097f4a1536bfe3789a2771e', b'{"msg_id": "ecdf5f6a-72d30c9f7240a160b7f3015b_1063792_38", "msg_type": "status", "username": "ctate", "session": "ecdf5f6a-72d30c9f7240a160b7f3015b", "date": "2025-04-24T18:00:05.462030Z", "version": "5.3"}', b'{"date": "2025-04-24T18:00:05.433000Z", "msg_id": "8f13eec9-86d1-4935-9394-dc106a0cf521", "msg_type": "kernel_info_request", "session": "26b52de7-ad89-4bcc-8982-16dd7398e68a", "username": "bdb42cd5-a82f-45cf-984b-33d5cc24fe08", "version": "5.2"}', b'{}', b'{"execution_state": "idle"}'] () {'copy': True}
[2025-04-24 12:00:05,462] DEBUG [ansible_kernel.kernel.send_multipart:89] result None
[2025-04-24 12:00:05,462] DEBUG [ansible_kernel.kernel.send_multipart:1236] send_multipart 7 [b'kernel.3d36d757-b865-4358-afff-0f4d8186818e.status', b'<IDS|MSG>', b'a2d5505f1de2e64f15cf3d59c9ea99ac0598a9b0d097f4a1536bfe3789a2771e', b'{"msg_id": "ecdf5f6a-72d30c9f7240a160b7f3015b_1063792_38", "msg_type": "status", "username": "ctate", "session": "ecdf5f6a-72d30c9f7240a160b7f3015b", "date": "2025-04-24T18:00:05.462030Z", "version": "5.3"}', b'{"date": "2025-04-24T18:00:05.433000Z", "msg_id": "8f13eec9-86d1-4935-9394-dc106a0cf521", "msg_type": "kernel_info_request", "session": "26b52de7-ad89-4bcc-8982-16dd7398e68a", "username": "bdb42cd5-a82f-45cf-984b-33d5cc24fe08", "version": "5.2"}', b'{}', b'{"execution_state": "idle"}'] () {'copy': True}
[2025-04-24 12:00:05,462] DEBUG [ansible_kernel.kernel.send_multipart:1239] msg0 b'kernel.3d36d757-b865-4358-afff-0f4d8186818e.status'
[2025-04-24 12:00:05,462] DEBUG [ansible_kernel.kernel.send_multipart:1240] msg1 b'<IDS|MSG>'
[2025-04-24 12:00:05,462] DEBUG [ansible_kernel.kernel.send_multipart:1241] msg2 b'a2d5505f1de2e64f15cf3d59c9ea99ac0598a9b0d097f4a1536bfe3789a2771e'
[2025-04-24 12:00:05,462] DEBUG [ansible_kernel.kernel.send_multipart:1242] msg3 {'date': '2025-04-24T18:00:05.462030Z',
 'msg_id': 'ecdf5f6a-72d30c9f7240a160b7f3015b_1063792_38',
 'msg_type': 'status',
 'session': 'ecdf5f6a-72d30c9f7240a160b7f3015b',
 'username': 'ctate',
 'version': '5.3'}
[2025-04-24 12:00:05,463] DEBUG [ansible_kernel.kernel.send_multipart:1243] msg4 {'date': '2025-04-24T18:00:05.433000Z',
 'msg_id': '8f13eec9-86d1-4935-9394-dc106a0cf521',
 'msg_type': 'kernel_info_request',
 'session': '26b52de7-ad89-4bcc-8982-16dd7398e68a',
 'username': 'bdb42cd5-a82f-45cf-984b-33d5cc24fe08',
 'version': '5.2'}
[2025-04-24 12:00:05,463] DEBUG [ansible_kernel.kernel.send_multipart:1244] msg5 {}
[2025-04-24 12:00:05,463] DEBUG [ansible_kernel.kernel.send_multipart:1245] msg6 {'execution_state': 'idle'}
[2025-04-24 12:00:05,463] DEBUG [ansible_kernel.kernel.send_multipart:89] result None
[2025-04-24 12:00:08,235] INFO [ansible_kernel.kernel.cancel_callback:1149] called
[2025-04-24 12:00:13,239] INFO [ansible_kernel.kernel.cancel_callback:1149] called
[2025-04-24 12:00:18,245] INFO [ansible_kernel.kernel.cancel_callback:1149] called
[2025-04-24 12:00:23,250] INFO [ansible_kernel.kernel.cancel_callback:1149] called
[2025-04-24 12:00:28,254] INFO [ansible_kernel.kernel.cancel_callback:1149] called
[2025-04-24 12:00:33,260] INFO [ansible_kernel.kernel.cancel_callback:1149] called
[2025-04-24 12:00:38,264] INFO [ansible_kernel.kernel.cancel_callback:1149] called
[2025-04-24 12:00:43,269] INFO [ansible_kernel.kernel.cancel_callback:1149] called
[2025-04-24 12:00:48,275] INFO [ansible_kernel.kernel.cancel_callback:1149] called
[2025-04-24 12:00:53,279] INFO [ansible_kernel.kernel.cancel_callback:1149] called
[2025-04-24 12:00:58,285] INFO [ansible_kernel.kernel.cancel_callback:1149] called
[2025-04-24 12:01:03,290] INFO [ansible_kernel.kernel.cancel_callback:1149] called
[2025-04-24 12:01:08,295] INFO [ansible_kernel.kernel.cancel_callback:1149] called
[2025-04-24 12:01:13,299] INFO [ansible_kernel.kernel.cancel_callback:1149] called
[2025-04-24 12:01:18,304] INFO [ansible_kernel.kernel.cancel_callback:1149] called
[2025-04-24 12:01:23,310] INFO [ansible_kernel.kernel.cancel_callback:1149] called
[2025-04-24 12:01:28,315] INFO [ansible_kernel.kernel.cancel_callback:1149] called
[2025-04-24 12:01:33,320] INFO [ansible_kernel.kernel.cancel_callback:1149] called
[2025-04-24 12:01:38,324] INFO [ansible_kernel.kernel.cancel_callback:1149] called
[2025-04-24 12:01:43,329] INFO [ansible_kernel.kernel.cancel_callback:1149] called
[2025-04-24 12:01:48,334] INFO [ansible_kernel.kernel.cancel_callback:1149] called
[2025-04-24 12:01:53,340] INFO [ansible_kernel.kernel.cancel_callback:1149] called
[2025-04-24 12:01:58,345] INFO [ansible_kernel.kernel.cancel_callback:1149] called
[2025-04-24 12:02:03,350] INFO [ansible_kernel.kernel.cancel_callback:1149] called
[2025-04-24 12:02:08,354] INFO [ansible_kernel.kernel.cancel_callback:1149] called
[2025-04-24 12:02:13,359] INFO [ansible_kernel.kernel.cancel_callback:1149] called
[2025-04-24 12:02:18,365] INFO [ansible_kernel.kernel.cancel_callback:1149] called
[2025-04-24 12:02:23,369] INFO [ansible_kernel.kernel.cancel_callback:1149] called
[2025-04-24 12:02:28,374] INFO [ansible_kernel.kernel.cancel_callback:1149] called
[2025-04-24 12:02:33,379] INFO [ansible_kernel.kernel.cancel_callback:1149] called
[2025-04-24 12:02:38,384] INFO [ansible_kernel.kernel.cancel_callback:1149] called
[2025-04-24 12:02:43,389] INFO [ansible_kernel.kernel.cancel_callback:1149] called
[2025-04-24 12:02:48,394] INFO [ansible_kernel.kernel.cancel_callback:1149] called
[2025-04-24 12:02:53,399] INFO [ansible_kernel.kernel.cancel_callback:1149] called
[2025-04-24 12:02:58,405] INFO [ansible_kernel.kernel.cancel_callback:1149] called
[2025-04-24 12:03:03,409] INFO [ansible_kernel.kernel.cancel_callback:1149] called
[2025-04-24 12:03:08,414] INFO [ansible_kernel.kernel.cancel_callback:1149] called
[2025-04-24 12:03:13,419] INFO [ansible_kernel.kernel.cancel_callback:1149] called
[2025-04-24 12:03:18,425] INFO [ansible_kernel.kernel.cancel_callback:1149] called
[2025-04-24 12:03:23,430] INFO [ansible_kernel.kernel.cancel_callback:1149] called
[2025-04-24 12:03:28,434] INFO [ansible_kernel.kernel.cancel_callback:1149] called
[2025-04-24 12:03:33,439] INFO [ansible_kernel.kernel.cancel_callback:1149] called
[2025-04-24 12:03:38,444] INFO [ansible_kernel.kernel.cancel_callback:1149] called
[2025-04-24 12:03:43,449] INFO [ansible_kernel.kernel.cancel_callback:1149] called
[2025-04-24 12:03:48,454] INFO [ansible_kernel.kernel.cancel_callback:1149] called
[2025-04-24 12:03:53,459] INFO [ansible_kernel.kernel.cancel_callback:1149] called
[2025-04-24 12:03:58,464] INFO [ansible_kernel.kernel.cancel_callback:1149] called
[2025-04-24 12:04:03,470] INFO [ansible_kernel.kernel.cancel_callback:1149] called
[2025-04-24 12:04:08,474] INFO [ansible_kernel.kernel.cancel_callback:1149] called
[2025-04-24 12:04:13,477] INFO [ansible_kernel.kernel.cancel_callback:1149] called
[2025-04-24 12:04:18,482] INFO [ansible_kernel.kernel.cancel_callback:1149] called
[2025-04-24 12:04:23,488] INFO [ansible_kernel.kernel.cancel_callback:1149] called
[2025-04-24 12:04:28,493] INFO [ansible_kernel.kernel.cancel_callback:1149] called
[2025-04-24 12:04:33,497] INFO [ansible_kernel.kernel.cancel_callback:1149] called
[2025-04-24 12:04:38,503] INFO [ansible_kernel.kernel.cancel_callback:1149] called
[2025-04-24 12:04:43,508] INFO [ansible_kernel.kernel.cancel_callback:1149] called
[2025-04-24 12:04:48,512] INFO [ansible_kernel.kernel.cancel_callback:1149] called
[2025-04-24 12:04:53,517] INFO [ansible_kernel.kernel.cancel_callback:1149] called
[2025-04-24 12:04:58,522] INFO [ansible_kernel.kernel.cancel_callback:1149] called
[2025-04-24 12:05:03,528] INFO [ansible_kernel.kernel.cancel_callback:1149] called
[2025-04-24 12:05:08,533] INFO [ansible_kernel.kernel.cancel_callback:1149] called
[2025-04-24 12:05:13,538] INFO [ansible_kernel.kernel.cancel_callback:1149] called
[2025-04-24 12:05:18,543] INFO [ansible_kernel.kernel.cancel_callback:1149] called
[2025-04-24 12:05:23,547] INFO [ansible_kernel.kernel.cancel_callback:1149] called
[2025-04-24 12:05:28,552] INFO [ansible_kernel.kernel.cancel_callback:1149] called
[2025-04-24 12:05:33,558] INFO [ansible_kernel.kernel.cancel_callback:1149] called
[2025-04-24 12:05:38,563] INFO [ansible_kernel.kernel.cancel_callback:1149] called
[2025-04-24 12:05:43,567] INFO [ansible_kernel.kernel.cancel_callback:1149] called
[2025-04-24 12:05:48,573] INFO [ansible_kernel.kernel.cancel_callback:1149] called
[2025-04-24 12:05:53,577] INFO [ansible_kernel.kernel.cancel_callback:1149] called
[2025-04-24 12:05:58,583] INFO [ansible_kernel.kernel.cancel_callback:1149] called
[2025-04-24 12:06:03,587] INFO [ansible_kernel.kernel.cancel_callback:1149] called
[2025-04-24 12:06:08,592] INFO [ansible_kernel.kernel.cancel_callback:1149] called
[2025-04-24 12:06:13,597] INFO [ansible_kernel.kernel.cancel_callback:1149] called
[2025-04-24 12:06:18,603] INFO [ansible_kernel.kernel.cancel_callback:1149] called
[2025-04-24 12:06:23,608] INFO [ansible_kernel.kernel.cancel_callback:1149] called
[2025-04-24 12:06:28,612] INFO [ansible_kernel.kernel.cancel_callback:1149] called
[2025-04-24 12:06:33,617] INFO [ansible_kernel.kernel.cancel_callback:1149] called
[2025-04-24 12:06:38,623] INFO [ansible_kernel.kernel.cancel_callback:1149] called
[2025-04-24 12:06:43,627] INFO [ansible_kernel.kernel.cancel_callback:1149] called
[2025-04-24 12:06:48,632] INFO [ansible_kernel.kernel.cancel_callback:1149] called
[2025-04-24 12:06:53,638] INFO [ansible_kernel.kernel.cancel_callback:1149] called
[2025-04-24 12:06:58,642] INFO [ansible_kernel.kernel.cancel_callback:1149] called
[2025-04-24 12:07:03,647] INFO [ansible_kernel.kernel.cancel_callback:1149] called
[2025-04-24 12:07:08,652] INFO [ansible_kernel.kernel.cancel_callback:1149] called
[2025-04-24 12:07:13,658] INFO [ansible_kernel.kernel.cancel_callback:1149] called
[2025-04-24 12:07:18,662] INFO [ansible_kernel.kernel.cancel_callback:1149] called
[2025-04-24 12:07:23,667] INFO [ansible_kernel.kernel.cancel_callback:1149] called
[2025-04-24 12:07:28,672] INFO [ansible_kernel.kernel.cancel_callback:1149] called
[2025-04-24 12:07:33,677] INFO [ansible_kernel.kernel.cancel_callback:1149] called
[2025-04-24 12:07:38,683] INFO [ansible_kernel.kernel.cancel_callback:1149] called
[2025-04-24 12:07:43,688] INFO [ansible_kernel.kernel.cancel_callback:1149] called
[2025-04-24 12:07:48,693] INFO [ansible_kernel.kernel.cancel_callback:1149] called
[2025-04-24 12:07:53,698] INFO [ansible_kernel.kernel.cancel_callback:1149] called
[2025-04-24 12:07:58,702] INFO [ansible_kernel.kernel.cancel_callback:1149] called
[2025-04-24 12:08:03,707] INFO [ansible_kernel.kernel.cancel_callback:1149] called
[2025-04-24 12:08:08,713] INFO [ansible_kernel.kernel.cancel_callback:1149] called
[2025-04-24 12:08:13,718] INFO [ansible_kernel.kernel.cancel_callback:1149] called
[2025-04-24 12:08:18,722] INFO [ansible_kernel.kernel.cancel_callback:1149] called
[2025-04-24 12:08:23,728] INFO [ansible_kernel.kernel.cancel_callback:1149] called
[2025-04-24 12:08:28,733] INFO [ansible_kernel.kernel.cancel_callback:1149] called
[2025-04-24 12:08:33,737] INFO [ansible_kernel.kernel.cancel_callback:1149] called
[2025-04-24 12:08:38,743] INFO [ansible_kernel.kernel.cancel_callback:1149] called
[2025-04-24 12:08:43,747] INFO [ansible_kernel.kernel.cancel_callback:1149] called
[2025-04-24 12:08:48,752] INFO [ansible_kernel.kernel.cancel_callback:1149] called
[2025-04-24 12:08:53,757] INFO [ansible_kernel.kernel.cancel_callback:1149] called
[2025-04-24 12:08:58,762] INFO [ansible_kernel.kernel.cancel_callback:1149] called
[2025-04-24 12:09:03,768] INFO [ansible_kernel.kernel.cancel_callback:1149] called
[2025-04-24 12:09:08,772] INFO [ansible_kernel.kernel.cancel_callback:1149] called
[2025-04-24 12:09:13,777] INFO [ansible_kernel.kernel.cancel_callback:1149] called
[2025-04-24 12:09:18,782] INFO [ansible_kernel.kernel.cancel_callback:1149] called
[2025-04-24 12:09:23,789] INFO [ansible_kernel.kernel.cancel_callback:1149] called
[2025-04-24 12:09:28,793] INFO [ansible_kernel.kernel.cancel_callback:1149] called
[2025-04-24 12:09:33,798] INFO [ansible_kernel.kernel.cancel_callback:1149] called
[2025-04-24 12:09:38,804] INFO [ansible_kernel.kernel.cancel_callback:1149] called
[2025-04-24 12:09:43,808] INFO [ansible_kernel.kernel.cancel_callback:1149] called
[2025-04-24 12:09:48,813] INFO [ansible_kernel.kernel.cancel_callback:1149] called
[2025-04-24 12:09:53,819] INFO [ansible_kernel.kernel.cancel_callback:1149] called
[2025-04-24 12:09:58,824] INFO [ansible_kernel.kernel.cancel_callback:1149] called
[2025-04-24 12:10:03,828] INFO [ansible_kernel.kernel.cancel_callback:1149] called
[2025-04-24 12:10:08,833] INFO [ansible_kernel.kernel.cancel_callback:1149] called
[2025-04-24 12:10:13,838] INFO [ansible_kernel.kernel.cancel_callback:1149] called
[2025-04-24 12:10:18,844] INFO [ansible_kernel.kernel.cancel_callback:1149] called
[2025-04-24 12:10:23,848] INFO [ansible_kernel.kernel.cancel_callback:1149] called
[2025-04-24 12:10:28,854] INFO [ansible_kernel.kernel.cancel_callback:1149] called
[2025-04-24 12:10:33,858] INFO [ansible_kernel.kernel.cancel_callback:1149] called
[2025-04-24 12:10:38,863] INFO [ansible_kernel.kernel.cancel_callback:1149] called
[2025-04-24 12:10:43,868] INFO [ansible_kernel.kernel.cancel_callback:1149] called
[2025-04-24 12:10:48,874] INFO [ansible_kernel.kernel.cancel_callback:1149] called
[2025-04-24 12:10:53,878] INFO [ansible_kernel.kernel.cancel_callback:1149] called
[2025-04-24 12:10:58,883] INFO [ansible_kernel.kernel.cancel_callback:1149] called
[2025-04-24 12:11:03,888] INFO [ansible_kernel.kernel.cancel_callback:1149] called
[2025-04-24 12:11:08,893] INFO [ansible_kernel.kernel.cancel_callback:1149] called
[2025-04-24 12:11:13,899] INFO [ansible_kernel.kernel.cancel_callback:1149] called
[2025-04-24 12:11:18,904] INFO [ansible_kernel.kernel.cancel_callback:1149] called
[2025-04-24 12:11:23,908] INFO [ansible_kernel.kernel.cancel_callback:1149] called
[2025-04-24 12:11:28,914] INFO [ansible_kernel.kernel.cancel_callback:1149] called
[2025-04-24 12:11:33,919] INFO [ansible_kernel.kernel.cancel_callback:1149] called
[2025-04-24 12:11:38,924] INFO [ansible_kernel.kernel.cancel_callback:1149] called
[2025-04-24 12:11:43,928] INFO [ansible_kernel.kernel.cancel_callback:1149] called
[2025-04-24 12:11:48,934] INFO [ansible_kernel.kernel.cancel_callback:1149] called
[2025-04-24 12:11:53,938] INFO [ansible_kernel.kernel.cancel_callback:1149] called
[2025-04-24 12:11:58,944] INFO [ansible_kernel.kernel.cancel_callback:1149] called
[2025-04-24 12:12:03,948] INFO [ansible_kernel.kernel.cancel_callback:1149] called
[2025-04-24 12:12:08,954] INFO [ansible_kernel.kernel.cancel_callback:1149] called
[2025-04-24 12:12:13,959] INFO [ansible_kernel.kernel.cancel_callback:1149] called
[2025-04-24 12:12:18,964] INFO [ansible_kernel.kernel.cancel_callback:1149] called
[2025-04-24 12:12:23,969] INFO [ansible_kernel.kernel.cancel_callback:1149] called
[2025-04-24 12:12:28,973] INFO [ansible_kernel.kernel.cancel_callback:1149] called
[2025-04-24 12:12:33,978] INFO [ansible_kernel.kernel.cancel_callback:1149] called
[2025-04-24 12:12:38,983] INFO [ansible_kernel.kernel.cancel_callback:1149] called
[2025-04-24 12:12:43,989] INFO [ansible_kernel.kernel.cancel_callback:1149] called
[2025-04-24 12:12:48,993] INFO [ansible_kernel.kernel.cancel_callback:1149] called
[2025-04-24 12:12:53,998] INFO [ansible_kernel.kernel.cancel_callback:1149] called
[2025-04-24 12:12:59,003] INFO [ansible_kernel.kernel.cancel_callback:1149] called
[2025-04-24 12:13:04,008] INFO [ansible_kernel.kernel.cancel_callback:1149] called
[2025-04-24 12:13:09,013] INFO [ansible_kernel.kernel.cancel_callback:1149] called
[2025-04-24 12:13:14,019] INFO [ansible_kernel.kernel.cancel_callback:1149] called
[2025-04-24 12:13:19,023] INFO [ansible_kernel.kernel.cancel_callback:1149] called
[2025-04-24 12:13:24,028] INFO [ansible_kernel.kernel.cancel_callback:1149] called
[2025-04-24 12:13:29,033] INFO [ansible_kernel.kernel.cancel_callback:1149] called
[2025-04-24 12:13:34,037] INFO [ansible_kernel.kernel.cancel_callback:1149] called
[2025-04-24 12:13:39,042] INFO [ansible_kernel.kernel.cancel_callback:1149] called
[2025-04-24 12:13:44,048] INFO [ansible_kernel.kernel.cancel_callback:1149] called
[2025-04-24 12:13:49,053] INFO [ansible_kernel.kernel.cancel_callback:1149] called
[2025-04-24 12:13:54,058] INFO [ansible_kernel.kernel.cancel_callback:1149] called
[2025-04-24 12:13:59,063] INFO [ansible_kernel.kernel.cancel_callback:1149] called
[2025-04-24 12:14:04,067] INFO [ansible_kernel.kernel.cancel_callback:1149] called
[2025-04-24 12:14:09,073] INFO [ansible_kernel.kernel.cancel_callback:1149] called
[2025-04-24 12:14:14,077] INFO [ansible_kernel.kernel.cancel_callback:1149] called
[2025-04-24 12:14:19,083] INFO [ansible_kernel.kernel.cancel_callback:1149] called
[2025-04-24 12:14:24,088] INFO [ansible_kernel.kernel.cancel_callback:1149] called
[2025-04-24 12:14:29,092] INFO [ansible_kernel.kernel.cancel_callback:1149] called
[2025-04-24 12:14:34,097] INFO [ansible_kernel.kernel.cancel_callback:1149] called
[2025-04-24 12:14:39,102] INFO [ansible_kernel.kernel.cancel_callback:1149] called
[2025-04-24 12:14:44,108] INFO [ansible_kernel.kernel.cancel_callback:1149] called
[2025-04-24 12:14:49,113] INFO [ansible_kernel.kernel.cancel_callback:1149] called
[2025-04-24 12:14:54,120] INFO [ansible_kernel.kernel.cancel_callback:1149] called
[2025-04-24 12:14:59,125] INFO [ansible_kernel.kernel.cancel_callback:1149] called
[2025-04-24 12:15:04,130] INFO [ansible_kernel.kernel.cancel_callback:1149] called
[2025-04-24 12:15:09,134] INFO [ansible_kernel.kernel.cancel_callback:1149] called
[2025-04-24 12:15:14,140] INFO [ansible_kernel.kernel.cancel_callback:1149] called
[2025-04-24 12:15:19,145] INFO [ansible_kernel.kernel.cancel_callback:1149] called
[2025-04-24 12:15:24,150] INFO [ansible_kernel.kernel.cancel_callback:1149] called
[2025-04-24 12:15:29,154] INFO [ansible_kernel.kernel.cancel_callback:1149] called
